#
# There is insufficient memory for the Java Runtime Environment to continue.
# Native memory allocation (mmap) failed to map 169869312 bytes for committing reserved memory.
# Possible reasons:
#   The system is out of physical RAM or swap space
#   In 32 bit mode, the process size limit was hit
# Possible solutions:
#   Reduce memory load on the system
#   Increase physical memory or swap space
#   Check if swap backing store is full
#   Use 64 bit Java on a 64 bit OS
#   Decrease Java heap size (-Xmx/-Xms)
#   Decrease number of Java threads
#   Decrease Java thread stack sizes (-Xss)
#   Set larger code cache with -XX:ReservedCodeCacheSize=
# This output file may be truncated or incomplete.
#
#  Out of Memory Error (os_linux.cpp:2630), pid=13683, tid=140522814883584
#
# JRE version: OpenJDK Runtime Environment (8.0_91-b14) (build 1.8.0_91-8u91-b14-3ubuntu1~15.10.1-b14)
# Java VM: OpenJDK 64-Bit Server VM (25.91-b14 mixed mode linux-amd64 compressed oops)
# Failed to write core dump. Core dumps have been disabled. To enable core dumping, try "ulimit -c unlimited" before starting Java again
#

---------------  T H R E A D  ---------------

Current thread (0x00007fce18080800):  VMThread [stack: 0x00007fce0466c000,0x00007fce0476d000] [id=13696]

Stack: [0x00007fce0466c000,0x00007fce0476d000],  sp=0x00007fce0476b4c0,  free space=1021k
Native frames: (J=compiled Java code, j=interpreted, Vv=VM code, C=native code)
V  [libjvm.so+0xa5f06b]
V  [libjvm.so+0x4c1c7c]
V  [libjvm.so+0x8af8b0]
V  [libjvm.so+0x8a9d2e]
V  [libjvm.so+0x923d5b]
V  [libjvm.so+0x9250a3]
V  [libjvm.so+0x921753]
V  [libjvm.so+0x921a1c]
V  [libjvm.so+0x8d4103]
V  [libjvm.so+0xa60d22]
V  [libjvm.so+0xa65da7]
V  [libjvm.so+0xa63577]
V  [libjvm.so+0xa649ff]
V  [libjvm.so+0xa64ef1]
V  [libjvm.so+0x8acd92]

VM_Operation (0x00007fcdff2e5df0): ParallelGCFailedAllocation, mode: safepoint, requested by thread 0x00007fce181b9800


---------------  P R O C E S S  ---------------

Java Threads: ( => current thread )
  0x00007fce181bc800 JavaThread "pool-2-thread-4" [_thread_blocked, id=13727, stack(0x00007fcdfefe5000,0x00007fcdff0e6000)]
  0x00007fce181bb000 JavaThread "pool-2-thread-3" [_thread_blocked, id=13726, stack(0x00007fcdff0e6000,0x00007fcdff1e7000)]
  0x00007fce181b9800 JavaThread "pool-2-thread-2" [_thread_blocked, id=13725, stack(0x00007fcdff1e7000,0x00007fcdff2e8000)]
  0x00007fce181b8000 JavaThread "pool-3-thread-1" [_thread_blocked, id=13724, stack(0x00007fcdff2e8000,0x00007fcdff3e9000)]
  0x00007fce181b6000 JavaThread "pool-2-thread-1" [_thread_blocked, id=13723, stack(0x00007fcdff3e9000,0x00007fcdff4ea000)]
  0x00007fce180c5800 JavaThread "Service Thread" daemon [_thread_blocked, id=13704, stack(0x00007fcdff5eb000,0x00007fcdff6ec000)]
  0x00007fce180c0800 JavaThread "C1 CompilerThread3" daemon [_thread_blocked, id=13703, stack(0x00007fcdff6ec000,0x00007fcdff7ed000)]
  0x00007fce180bc000 JavaThread "C2 CompilerThread2" daemon [_thread_blocked, id=13702, stack(0x00007fce04066000,0x00007fce04167000)]
  0x00007fce180ba800 JavaThread "C2 CompilerThread1" daemon [_thread_blocked, id=13701, stack(0x00007fce04167000,0x00007fce04268000)]
  0x00007fce180b7800 JavaThread "C2 CompilerThread0" daemon [_thread_blocked, id=13700, stack(0x00007fce04268000,0x00007fce04369000)]
  0x00007fce180b5000 JavaThread "Signal Dispatcher" daemon [_thread_blocked, id=13699, stack(0x00007fce04369000,0x00007fce0446a000)]
  0x00007fce1808c800 JavaThread "Finalizer" daemon [_thread_blocked, id=13698, stack(0x00007fce0446a000,0x00007fce0456b000)]
  0x00007fce18088000 JavaThread "Reference Handler" daemon [_thread_blocked, id=13697, stack(0x00007fce0456b000,0x00007fce0466c000)]
  0x00007fce1800a000 JavaThread "main" [_thread_blocked, id=13685, stack(0x00007fce20484000,0x00007fce20585000)]

Other Threads:
=>0x00007fce18080800 VMThread [stack: 0x00007fce0466c000,0x00007fce0476d000] [id=13696]
  0x00007fce180c8000 WatcherThread [stack: 0x00007fcdff4ea000,0x00007fcdff5eb000] [id=13705]

VM state:at safepoint (normal execution)

VM Mutex/Monitor currently owned by a thread:  ([mutex/lock_event])
[0x00007fce18006830] Threads_lock - owner thread: 0x00007fce18080800
[0x00007fce18006d30] Heap_lock - owner thread: 0x00007fce181b9800

Heap:
 PSYoungGen      total 132096K, used 5106K [0x00000000eab00000, 0x00000000f3100000, 0x0000000100000000)
  eden space 126976K, 0% used [0x00000000eab00000,0x00000000eab00000,0x00000000f2700000)
  from space 5120K, 99% used [0x00000000f2700000,0x00000000f2bfcad0,0x00000000f2c00000)
  to   space 5120K, 0% used [0x00000000f2c00000,0x00000000f2c00000,0x00000000f3100000)
 ParOldGen       total 84992K, used 40475K [0x00000000c0000000, 0x00000000c5300000, 0x00000000eab00000)
  object space 84992K, 47% used [0x00000000c0000000,0x00000000c2786c20,0x00000000c5300000)
 Metaspace       used 6208K, capacity 7152K, committed 7296K, reserved 1056768K
  class space    used 589K, capacity 616K, committed 640K, reserved 1048576K

Card table byte_map: [0x00007fce1c95e000,0x00007fce1cb5f000] byte_map_base: 0x00007fce1c35e000

Marking Bits: (ParMarkBitMap*) 0x00007fce1f762000
 Begin Bits: [0x00007fce07000000, 0x00007fce08000000)
 End Bits:   [0x00007fce08000000, 0x00007fce09000000)

Polling page: 0x00007fce205b3000

CodeCache: size=245760Kb used=6478Kb max_used=6478Kb free=239281Kb
 bounds [0x00007fce09000000, 0x00007fce09660000, 0x00007fce18000000]
 total_blobs=2008 nmethods=1741 adapters=182
 compilation: enabled

Compilation events (10 events):
Event: 7,792 Thread 0x00007fce180c0800 nmethod 2087 0x00007fce09650250 code [0x00007fce096503e0, 0x00007fce09650638]
Event: 7,816 Thread 0x00007fce180c0800 2095       2       java.lang.String::lastIndexOf (151 bytes)
Event: 7,817 Thread 0x00007fce180c0800 nmethod 2095 0x00007fce09650790 code [0x00007fce09650920, 0x00007fce09650cb0]
Event: 7,817 Thread 0x00007fce180c0800 2109       2       com.android.dx.cf.code.OneLocalsArray::makeInitialized (55 bytes)
Event: 7,924 Thread 0x00007fce180c0800 nmethod 2109 0x00007fce09651110 code [0x00007fce096512a0, 0x00007fce09651658]
Event: 7,924 Thread 0x00007fce180c0800 2123       3       com.android.dx.rop.code.LocalVariableExtractor::processBlock (327 bytes)
Event: 7,927 Thread 0x00007fce180c0800 nmethod 2123 0x00007fce09651950 code [0x00007fce09651de0, 0x00007fce09655818]
Event: 7,927 Thread 0x00007fce180c0800 2121       2       java.util.HashMap::putVal (300 bytes)
Event: 7,928 Thread 0x00007fce180c0800 nmethod 2121 0x00007fce09657c50 code [0x00007fce09657e60, 0x00007fce09658558]
Event: 7,928 Thread 0x00007fce180c0800 2127       2       com.android.dx.ssa.SCCP::simulateBranch (666 bytes)

GC Heap History (9 events):
Event: 2,182 GC heap before
{Heap before GC invocations=1 (full 0):
 PSYoungGen      total 36864K, used 31744K [0x00000000eab00000, 0x00000000ed400000, 0x0000000100000000)
  eden space 31744K, 100% used [0x00000000eab00000,0x00000000eca00000,0x00000000eca00000)
  from space 5120K, 0% used [0x00000000ecf00000,0x00000000ecf00000,0x00000000ed400000)
  to   space 5120K, 0% used [0x00000000eca00000,0x00000000eca00000,0x00000000ecf00000)
 ParOldGen       total 84992K, used 0K [0x00000000c0000000, 0x00000000c5300000, 0x00000000eab00000)
  object space 84992K, 0% used [0x00000000c0000000,0x00000000c0000000,0x00000000c5300000)
 Metaspace       used 5696K, capacity 6768K, committed 7040K, reserved 1056768K
  class space    used 569K, capacity 616K, committed 640K, reserved 1048576K
Event: 2,210 GC heap after
Heap after GC invocations=1 (full 0):
 PSYoungGen      total 36864K, used 5104K [0x00000000eab00000, 0x00000000ef300000, 0x0000000100000000)
  eden space 31744K, 0% used [0x00000000eab00000,0x00000000eab00000,0x00000000eca00000)
  from space 5120K, 99% used [0x00000000eca00000,0x00000000ecefc030,0x00000000ecf00000)
  to   space 5120K, 0% used [0x00000000eee00000,0x00000000eee00000,0x00000000ef300000)
 ParOldGen       total 84992K, used 936K [0x00000000c0000000, 0x00000000c5300000, 0x00000000eab00000)
  object space 84992K, 1% used [0x00000000c0000000,0x00000000c00ea2f0,0x00000000c5300000)
 Metaspace       used 5696K, capacity 6768K, committed 7040K, reserved 1056768K
  class space    used 569K, capacity 616K, committed 640K, reserved 1048576K
}
Event: 2,717 GC heap before
{Heap before GC invocations=2 (full 0):
 PSYoungGen      total 36864K, used 36848K [0x00000000eab00000, 0x00000000ef300000, 0x0000000100000000)
  eden space 31744K, 100% used [0x00000000eab00000,0x00000000eca00000,0x00000000eca00000)
  from space 5120K, 99% used [0x00000000eca00000,0x00000000ecefc030,0x00000000ecf00000)
  to   space 5120K, 0% used [0x00000000eee00000,0x00000000eee00000,0x00000000ef300000)
 ParOldGen       total 84992K, used 936K [0x00000000c0000000, 0x00000000c5300000, 0x00000000eab00000)
  object space 84992K, 1% used [0x00000000c0000000,0x00000000c00ea2f0,0x00000000c5300000)
 Metaspace       used 5763K, capacity 6832K, committed 7040K, reserved 1056768K
  class space    used 570K, capacity 616K, committed 640K, reserved 1048576K
Event: 2,761 GC heap after
Heap after GC invocations=2 (full 0):
 PSYoungGen      total 68608K, used 5103K [0x00000000eab00000, 0x00000000ef300000, 0x0000000100000000)
  eden space 63488K, 0% used [0x00000000eab00000,0x00000000eab00000,0x00000000ee900000)
  from space 5120K, 99% used [0x00000000eee00000,0x00000000ef2fbe78,0x00000000ef300000)
  to   space 5120K, 0% used [0x00000000ee900000,0x00000000ee900000,0x00000000eee00000)
 ParOldGen       total 84992K, used 5136K [0x00000000c0000000, 0x00000000c5300000, 0x00000000eab00000)
  object space 84992K, 6% used [0x00000000c0000000,0x00000000c05043b0,0x00000000c5300000)
 Metaspace       used 5763K, capacity 6832K, committed 7040K, reserved 1056768K
  class space    used 570K, capacity 616K, committed 640K, reserved 1048576K
}
Event: 3,871 GC heap before
{Heap before GC invocations=3 (full 0):
 PSYoungGen      total 68608K, used 68591K [0x00000000eab00000, 0x00000000ef300000, 0x0000000100000000)
  eden space 63488K, 100% used [0x00000000eab00000,0x00000000ee900000,0x00000000ee900000)
  from space 5120K, 99% used [0x00000000eee00000,0x00000000ef2fbe78,0x00000000ef300000)
  to   space 5120K, 0% used [0x00000000ee900000,0x00000000ee900000,0x00000000eee00000)
 ParOldGen       total 84992K, used 5136K [0x00000000c0000000, 0x00000000c5300000, 0x00000000eab00000)
  object space 84992K, 6% used [0x00000000c0000000,0x00000000c05043b0,0x00000000c5300000)
 Metaspace       used 5895K, capacity 6960K, committed 7040K, reserved 1056768K
  class space    used 571K, capacity 616K, committed 640K, reserved 1048576K
Event: 3,959 GC heap after
Heap after GC invocations=3 (full 0):
 PSYoungGen      total 68608K, used 5103K [0x00000000eab00000, 0x00000000f3100000, 0x0000000100000000)
  eden space 63488K, 0% used [0x00000000eab00000,0x00000000eab00000,0x00000000ee900000)
  from space 5120K, 99% used [0x00000000ee900000,0x00000000eedfbcc8,0x00000000eee00000)
  to   space 5120K, 0% used [0x00000000f2c00000,0x00000000f2c00000,0x00000000f3100000)
 ParOldGen       total 84992K, used 14076K [0x00000000c0000000, 0x00000000c5300000, 0x00000000eab00000)
  object space 84992K, 16% used [0x00000000c0000000,0x00000000c0dbf1f0,0x00000000c5300000)
 Metaspace       used 5895K, capacity 6960K, committed 7040K, reserved 1056768K
  class space    used 571K, capacity 616K, committed 640K, reserved 1048576K
}
Event: 4,575 GC heap before
{Heap before GC invocations=4 (full 0):
 PSYoungGen      total 68608K, used 68591K [0x00000000eab00000, 0x00000000f3100000, 0x0000000100000000)
  eden space 63488K, 100% used [0x00000000eab00000,0x00000000ee900000,0x00000000ee900000)
  from space 5120K, 99% used [0x00000000ee900000,0x00000000eedfbcc8,0x00000000eee00000)
  to   space 5120K, 0% used [0x00000000f2c00000,0x00000000f2c00000,0x00000000f3100000)
 ParOldGen       total 84992K, used 14076K [0x00000000c0000000, 0x00000000c5300000, 0x00000000eab00000)
  object space 84992K, 16% used [0x00000000c0000000,0x00000000c0dbf1f0,0x00000000c5300000)
 Metaspace       used 6059K, capacity 7024K, committed 7296K, reserved 1056768K
  class space    used 589K, capacity 616K, committed 640K, reserved 1048576K
Event: 4,633 GC heap after
Heap after GC invocations=4 (full 0):
 PSYoungGen      total 132096K, used 5119K [0x00000000eab00000, 0x00000000f3100000, 0x0000000100000000)
  eden space 126976K, 0% used [0x00000000eab00000,0x00000000eab00000,0x00000000f2700000)
  from space 5120K, 99% used [0x00000000f2c00000,0x00000000f30ffea0,0x00000000f3100000)
  to   space 5120K, 0% used [0x00000000f2700000,0x00000000f2700000,0x00000000f2c00000)
 ParOldGen       total 84992K, used 22785K [0x00000000c0000000, 0x00000000c5300000, 0x00000000eab00000)
  object space 84992K, 26% used [0x00000000c0000000,0x00000000c1640548,0x00000000c5300000)
 Metaspace       used 6059K, capacity 7024K, committed 7296K, reserved 1056768K
  class space    used 589K, capacity 616K, committed 640K, reserved 1048576K
}
Event: 8,014 GC heap before
{Heap before GC invocations=5 (full 0):
 PSYoungGen      total 132096K, used 132095K [0x00000000eab00000, 0x00000000f3100000, 0x0000000100000000)
  eden space 126976K, 100% used [0x00000000eab00000,0x00000000f2700000,0x00000000f2700000)
  from space 5120K, 99% used [0x00000000f2c00000,0x00000000f30ffea0,0x00000000f3100000)
  to   space 5120K, 0% used [0x00000000f2700000,0x00000000f2700000,0x00000000f2c00000)
 ParOldGen       total 84992K, used 22785K [0x00000000c0000000, 0x00000000c5300000, 0x00000000eab00000)
  object space 84992K, 26% used [0x00000000c0000000,0x00000000c1640548,0x00000000c5300000)
 Metaspace       used 6208K, capacity 7152K, committed 7296K, reserved 1056768K
  class space    used 589K, capacity 616K, committed 640K, reserved 1048576K

Deoptimization events (10 events):
Event: 3,436 Thread 0x00007fce181bc800 Uncommon trap: reason=unstable_if action=reinterpret pc=0x00007fce0936687c method=com.android.dx.ssa.SsaMethod.updateOneDefinition(Lcom/android/dx/ssa/SsaInsn;Lcom/android/dx/rop/code/RegisterSpec;)V @ 4
Event: 4,424 Thread 0x00007fce181b9800 Uncommon trap: reason=unstable_if action=reinterpret pc=0x00007fce092a02cc method=java.util.HashMap.putVal(ILjava/lang/Object;Ljava/lang/Object;ZZ)Ljava/lang/Object; @ 162
Event: 4,486 Thread 0x00007fce181b9800 Uncommon trap: reason=unstable_if action=reinterpret pc=0x00007fce0921dcac method=java.util.HashMap.getNode(ILjava/lang/Object;)Ljava/util/HashMap$Node; @ 84
Event: 4,486 Thread 0x00007fce181b9800 Uncommon trap: reason=unstable_if action=reinterpret pc=0x00007fce0921d6b4 method=java.util.HashMap.getNode(ILjava/lang/Object;)Ljava/util/HashMap$Node; @ 84
Event: 5,075 Thread 0x00007fce1800a000 Uncommon trap: reason=unstable_if action=reinterpret pc=0x00007fce0941cd0c method=java.util.HashMap.resize()[Ljava/util/HashMap$Node; @ 206
Event: 6,751 Thread 0x00007fce181bc800 Uncommon trap: reason=unstable_if action=reinterpret pc=0x00007fce095af8c4 method=com.android.dx.rop.code.LocalVariableInfo.mergeStarts(ILcom/android/dx/rop/code/RegisterSpecSet;)Z @ 31
Event: 6,751 Thread 0x00007fce181bc800 Uncommon trap: reason=unstable_if action=reinterpret pc=0x00007fce092f7408 method=com.android.dx.dex.code.OutputFinisher.hasLocalInfo(Lcom/android/dx/dex/code/DalvInsn;)Z @ 24
Event: 6,854 Thread 0x00007fce181bc800 Uncommon trap: reason=unstable_if action=reinterpret pc=0x00007fce09562744 method=java.util.HashMap.putVal(ILjava/lang/Object;Ljava/lang/Object;ZZ)Ljava/lang/Object; @ 109
Event: 7,850 Thread 0x00007fce181b6000 Uncommon trap: reason=unstable_if action=reinterpret pc=0x00007fce095d85cc method=java.util.HashMap.putVal(ILjava/lang/Object;Ljava/lang/Object;ZZ)Ljava/lang/Object; @ 109
Event: 7,883 Thread 0x00007fce181b9800 Uncommon trap: reason=unstable_if action=reinterpret pc=0x00007fce095e02fc method=com.android.dx.ssa.SCCP.simulateBranch(Lcom/android/dx/ssa/SsaInsn;)V @ 548

Internal exceptions (10 events):
Event: 0,217 Thread 0x00007fce1800a000 Exception <a 'java/lang/NoSuchMethodError': Method sun.misc.Unsafe.defineClass(Ljava/lang/String;[BII)Ljava/lang/Class; name or signature does not match> (0x00000000eab07cc0) thrown at [/build/openjdk-8-VN6Zir/openjdk-8-8u91-b14/src/hotspot/src/share/vm/p
Event: 0,217 Thread 0x00007fce1800a000 Exception <a 'java/lang/NoSuchMethodError': Method sun.misc.Unsafe.prefetchRead(Ljava/lang/Object;J)V name or signature does not match> (0x00000000eab07fa8) thrown at [/build/openjdk-8-VN6Zir/openjdk-8-8u91-b14/src/hotspot/src/share/vm/prims/jni.cpp, line
Event: 0,302 Thread 0x00007fce1800a000 Exception <a 'java/util/zip/ZipException'> (0x00000000eab59b28) thrown at [/build/openjdk-8-VN6Zir/openjdk-8-8u91-b14/src/hotspot/src/share/vm/prims/jni.cpp, line 709]
Event: 0,302 Thread 0x00007fce1800a000 Exception <a 'java/security/PrivilegedActionException'> (0x00000000eab59dc8) thrown at [/build/openjdk-8-VN6Zir/openjdk-8-8u91-b14/src/hotspot/src/share/vm/prims/jvm.cpp, line 1386]
Event: 0,302 Thread 0x00007fce1800a000 Exception <a 'java/security/PrivilegedActionException'> (0x00000000eab59fd8) thrown at [/build/openjdk-8-VN6Zir/openjdk-8-8u91-b14/src/hotspot/src/share/vm/prims/jvm.cpp, line 1386]
Event: 2,310 Thread 0x00007fce181bc800 Implicit null exception at 0x00007fce092cd0fd to 0x00007fce092d016d
Event: 2,347 Thread 0x00007fce181bc800 Implicit null exception at 0x00007fce092e7c26 to 0x00007fce092ea35d
Event: 4,441 Thread 0x00007fce181b9800 Exception <a 'java/lang/ArrayIndexOutOfBoundsException': 18> (0x00000000ed9c1120) thrown at [/build/openjdk-8-VN6Zir/openjdk-8-8u91-b14/src/hotspot/src/share/vm/interpreter/interpreterRuntime.cpp, line 366]
Event: 4,442 Thread 0x00007fce181b9800 Exception <a 'java/lang/ArrayIndexOutOfBoundsException': 145> (0x00000000ed9c2ca0) thrown at [/build/openjdk-8-VN6Zir/openjdk-8-8u91-b14/src/hotspot/src/share/vm/interpreter/interpreterRuntime.cpp, line 366]
Event: 4,457 Thread 0x00007fce181b9800 Exception <a 'java/lang/ArrayIndexOutOfBoundsException': 40> (0x00000000ed9c3f88) thrown at [/build/openjdk-8-VN6Zir/openjdk-8-8u91-b14/src/hotspot/src/share/vm/interpreter/interpreterRuntime.cpp, line 366]

Events (10 events):
Event: 7,929 Thread 0x00007fce181bb000 DEOPT UNPACKING pc=0x00007fce09047373 sp=0x00007fcdff1e4de0 mode 0
Event: 7,932 Thread 0x00007fce181b6000 DEOPT PACKING pc=0x00007fce094773c9 sp=0x00007fcdff4e8080
Event: 7,932 Thread 0x00007fce181b6000 DEOPT UNPACKING pc=0x00007fce09047373 sp=0x00007fcdff4e7e60 mode 0
Event: 7,947 Thread 0x00007fce181b9800 DEOPT PACKING pc=0x00007fce09478337 sp=0x00007fcdff2e6090
Event: 7,947 Thread 0x00007fce181b9800 DEOPT UNPACKING pc=0x00007fce09047373 sp=0x00007fcdff2e5e28 mode 0
Event: 7,986 Thread 0x00007fce181bb000 DEOPT PACKING pc=0x00007fce0937ff2b sp=0x00007fcdff1e4f40
Event: 7,986 Thread 0x00007fce181bb000 DEOPT UNPACKING pc=0x00007fce09047373 sp=0x00007fcdff1e4c80 mode 0
Event: 7,995 Thread 0x00007fce181bb000 DEOPT PACKING pc=0x00007fce0939e02c sp=0x00007fcdff1e5060
Event: 7,995 Thread 0x00007fce181bb000 DEOPT UNPACKING pc=0x00007fce09047373 sp=0x00007fcdff1e4d60 mode 0
Event: 8,006 Executing VM operation: ParallelGCFailedAllocation


Dynamic libraries:
00400000-00401000 r-xp 00000000 08:05 1573964                            /usr/lib/jvm/java-8-openjdk-amd64/jre/bin/java
00600000-00601000 r--p 00000000 08:05 1573964                            /usr/lib/jvm/java-8-openjdk-amd64/jre/bin/java
00601000-00602000 rw-p 00001000 08:05 1573964                            /usr/lib/jvm/java-8-openjdk-amd64/jre/bin/java
02116000-02137000 rw-p 00000000 00:00 0                                  [heap]
c0000000-c5300000 rw-p 00000000 00:00 0 
c5300000-eab00000 ---p 00000000 00:00 0 
eab00000-f3100000 rw-p 00000000 00:00 0 
fd300000-100000000 ---p 00000000 00:00 0 
100000000-1000a0000 rw-p 00000000 00:00 0 
1000a0000-140000000 ---p 00000000 00:00 0 
7fcd90000000-7fcd90037000 rw-p 00000000 00:00 0 
7fcd90037000-7fcd94000000 ---p 00000000 00:00 0 
7fcd94000000-7fcd94021000 rw-p 00000000 00:00 0 
7fcd94021000-7fcd98000000 ---p 00000000 00:00 0 
7fcd98000000-7fcd98021000 rw-p 00000000 00:00 0 
7fcd98021000-7fcd9c000000 ---p 00000000 00:00 0 
7fcd9c000000-7fcd9c029000 rw-p 00000000 00:00 0 
7fcd9c029000-7fcda0000000 ---p 00000000 00:00 0 
7fcda0000000-7fcda0021000 rw-p 00000000 00:00 0 
7fcda0021000-7fcda4000000 ---p 00000000 00:00 0 
7fcda4000000-7fcda404d000 rw-p 00000000 00:00 0 
7fcda404d000-7fcda8000000 ---p 00000000 00:00 0 
7fcda8000000-7fcda8708000 rw-p 00000000 00:00 0 
7fcda8708000-7fcdac000000 ---p 00000000 00:00 0 
7fcdac000000-7fcdac021000 rw-p 00000000 00:00 0 
7fcdac021000-7fcdb0000000 ---p 00000000 00:00 0 
7fcdb0000000-7fcdb0ecf000 rw-p 00000000 00:00 0 
7fcdb0ecf000-7fcdb4000000 ---p 00000000 00:00 0 
7fcdb4000000-7fcdb4ba9000 rw-p 00000000 00:00 0 
7fcdb4ba9000-7fcdb8000000 ---p 00000000 00:00 0 
7fcdb8000000-7fcdb8021000 rw-p 00000000 00:00 0 
7fcdb8021000-7fcdbc000000 ---p 00000000 00:00 0 
7fcdbc000000-7fcdbd1aa000 rw-p 00000000 00:00 0 
7fcdbd1aa000-7fcdc0000000 ---p 00000000 00:00 0 
7fcdc0000000-7fcdc0021000 rw-p 00000000 00:00 0 
7fcdc0021000-7fcdc4000000 ---p 00000000 00:00 0 
7fcdc4000000-7fcdc4021000 rw-p 00000000 00:00 0 
7fcdc4021000-7fcdc8000000 ---p 00000000 00:00 0 
7fcdc8000000-7fcdc8021000 rw-p 00000000 00:00 0 
7fcdc8021000-7fcdcc000000 ---p 00000000 00:00 0 
7fcdcc000000-7fcdcc021000 rw-p 00000000 00:00 0 
7fcdcc021000-7fcdd0000000 ---p 00000000 00:00 0 
7fcdd0000000-7fcdd0021000 rw-p 00000000 00:00 0 
7fcdd0021000-7fcdd4000000 ---p 00000000 00:00 0 
7fcdd8000000-7fcdd8021000 rw-p 00000000 00:00 0 
7fcdd8021000-7fcddc000000 ---p 00000000 00:00 0 
7fcde0000000-7fcde0021000 rw-p 00000000 00:00 0 
7fcde0021000-7fcde4000000 ---p 00000000 00:00 0 
7fcde8000000-7fcde8021000 rw-p 00000000 00:00 0 
7fcde8021000-7fcdec000000 ---p 00000000 00:00 0 
7fcdf0000000-7fcdf0021000 rw-p 00000000 00:00 0 
7fcdf0021000-7fcdf4000000 ---p 00000000 00:00 0 
7fcdf8000000-7fcdf8021000 rw-p 00000000 00:00 0 
7fcdf8021000-7fcdfc000000 ---p 00000000 00:00 0 
7fcdfefe5000-7fcdfefe8000 ---p 00000000 00:00 0 
7fcdfefe8000-7fcdff0e6000 rw-p 00000000 00:00 0 
7fcdff0e6000-7fcdff0e9000 ---p 00000000 00:00 0 
7fcdff0e9000-7fcdff1e7000 rw-p 00000000 00:00 0 
7fcdff1e7000-7fcdff1ea000 ---p 00000000 00:00 0 
7fcdff1ea000-7fcdff2e8000 rw-p 00000000 00:00 0 
7fcdff2e8000-7fcdff2eb000 ---p 00000000 00:00 0 
7fcdff2eb000-7fcdff3e9000 rw-p 00000000 00:00 0 
7fcdff3e9000-7fcdff3ec000 ---p 00000000 00:00 0 
7fcdff3ec000-7fcdff4ea000 rw-p 00000000 00:00 0 
7fcdff4ea000-7fcdff4eb000 ---p 00000000 00:00 0 
7fcdff4eb000-7fcdff5eb000 rw-p 00000000 00:00 0 
7fcdff5eb000-7fcdff5ee000 ---p 00000000 00:00 0 
7fcdff5ee000-7fcdff6ec000 rw-p 00000000 00:00 0 
7fcdff6ec000-7fcdff6ef000 ---p 00000000 00:00 0 
7fcdff6ef000-7fcdff7ed000 rw-p 00000000 00:00 0 
7fcdff7ed000-7fce00000000 r--p 00000000 08:05 1581171                    /usr/lib/locale/locale-archive
7fce00000000-7fce00021000 rw-p 00000000 00:00 0 
7fce00021000-7fce04000000 ---p 00000000 00:00 0 
7fce0400d000-7fce04016000 r--s 0008c000 00:2d 2112692                    /home/ksychoo/AndroidStudioProjects/KillingMonsters/app/build/intermediates/exploded-aar/com.android.support/appcompat-v7/23.4.0/jars/classes.jar
7fce04016000-7fce04025000 r--s 000df000 00:2d 2623747                    /home/ksychoo/Android/Sdk/build-tools/23.0.3/lib/dx.jar
7fce04025000-7fce04027000 r--s 00001000 08:05 1583012                    /usr/lib/jvm/java-8-openjdk-amd64/jre/lib/ext/dnsns.jar
7fce04027000-7fce04042000 r--s 001d7000 08:05 1582955                    /usr/lib/jvm/java-8-openjdk-amd64/jre/lib/ext/nashorn.jar
7fce04042000-7fce04045000 r--s 0000f000 08:05 1583267                    /usr/lib/jvm/java-8-openjdk-amd64/jre/lib/ext/icedtea-sound.jar
7fce04045000-7fce0404a000 r--s 0003b000 08:05 1583222                    /usr/lib/jvm/java-8-openjdk-amd64/jre/lib/ext/sunjce_provider.jar
7fce0404a000-7fce04066000 r--s 00393000 08:05 1583013                    /usr/lib/jvm/java-8-openjdk-amd64/jre/lib/ext/cldrdata.jar
7fce04066000-7fce04069000 ---p 00000000 00:00 0 
7fce04069000-7fce04167000 rw-p 00000000 00:00 0 
7fce04167000-7fce0416a000 ---p 00000000 00:00 0 
7fce0416a000-7fce04268000 rw-p 00000000 00:00 0 
7fce04268000-7fce0426b000 ---p 00000000 00:00 0 
7fce0426b000-7fce04369000 rw-p 00000000 00:00 0 
7fce04369000-7fce0436c000 ---p 00000000 00:00 0 
7fce0436c000-7fce0446a000 rw-p 00000000 00:00 0 
7fce0446a000-7fce0446d000 ---p 00000000 00:00 0 
7fce0446d000-7fce0456b000 rw-p 00000000 00:00 0 
7fce0456b000-7fce0456e000 ---p 00000000 00:00 0 
7fce0456e000-7fce0466c000 rw-p 00000000 00:00 0 
7fce0466c000-7fce0466d000 ---p 00000000 00:00 0 
7fce0466d000-7fce063bc000 rw-p 00000000 00:00 0 
7fce063bc000-7fce0658a000 r--s 03beb000 08:05 1582621                    /usr/lib/jvm/java-8-openjdk-amd64/jre/lib/rt.jar
7fce0658a000-7fce06c80000 rw-p 00000000 00:00 0 
7fce06c80000-7fce06e00000 ---p 00000000 00:00 0 
7fce06e00000-7fce09000000 rw-p 00000000 00:00 0 
7fce09000000-7fce09660000 rwxp 00000000 00:00 0 
7fce09660000-7fce18000000 ---p 00000000 00:00 0 
7fce18000000-7fce181fb000 rw-p 00000000 00:00 0 
7fce181fb000-7fce1c000000 ---p 00000000 00:00 0 
7fce1c000000-7fce1c001000 ---p 00000000 00:00 0 
7fce1c001000-7fce1c101000 rw-p 00000000 00:00 0 
7fce1c101000-7fce1c102000 ---p 00000000 00:00 0 
7fce1c102000-7fce1c202000 rw-p 00000000 00:00 0 
7fce1c202000-7fce1c203000 ---p 00000000 00:00 0 
7fce1c203000-7fce1c303000 rw-p 00000000 00:00 0 
7fce1c303000-7fce1c304000 ---p 00000000 00:00 0 
7fce1c304000-7fce1c404000 rw-p 00000000 00:00 0 
7fce1c404000-7fce1c405000 ---p 00000000 00:00 0 
7fce1c405000-7fce1c505000 rw-p 00000000 00:00 0 
7fce1c505000-7fce1c506000 ---p 00000000 00:00 0 
7fce1c506000-7fce1c606000 rw-p 00000000 00:00 0 
7fce1c606000-7fce1c607000 ---p 00000000 00:00 0 
7fce1c607000-7fce1c707000 rw-p 00000000 00:00 0 
7fce1c707000-7fce1c708000 ---p 00000000 00:00 0 
7fce1c708000-7fce1c832000 rw-p 00000000 00:00 0 
7fce1c832000-7fce1c95e000 ---p 00000000 00:00 0 
7fce1c95e000-7fce1c988000 rw-p 00000000 00:00 0 
7fce1c988000-7fce1cab3000 ---p 00000000 00:00 0 
7fce1cab3000-7fce1caf7000 rw-p 00000000 00:00 0 
7fce1caf7000-7fce1cb5e000 ---p 00000000 00:00 0 
7fce1cb5e000-7fce1cb79000 rw-p 00000000 00:00 0 
7fce1cb79000-7fce1cf1f000 ---p 00000000 00:00 0 
7fce1cf1f000-7fce1cf27000 r-xp 00000000 08:05 1574220                    /usr/lib/jvm/java-8-openjdk-amd64/jre/lib/amd64/libzip.so
7fce1cf27000-7fce1d126000 ---p 00008000 08:05 1574220                    /usr/lib/jvm/java-8-openjdk-amd64/jre/lib/amd64/libzip.so
7fce1d126000-7fce1d127000 r--p 00007000 08:05 1574220                    /usr/lib/jvm/java-8-openjdk-amd64/jre/lib/amd64/libzip.so
7fce1d127000-7fce1d128000 rw-p 00008000 08:05 1574220                    /usr/lib/jvm/java-8-openjdk-amd64/jre/lib/amd64/libzip.so
7fce1d128000-7fce1d132000 r-xp 00000000 08:05 917583                     /lib/x86_64-linux-gnu/libnss_files-2.21.so
7fce1d132000-7fce1d332000 ---p 0000a000 08:05 917583                     /lib/x86_64-linux-gnu/libnss_files-2.21.so
7fce1d332000-7fce1d333000 r--p 0000a000 08:05 917583                     /lib/x86_64-linux-gnu/libnss_files-2.21.so
7fce1d333000-7fce1d334000 rw-p 0000b000 08:05 917583                     /lib/x86_64-linux-gnu/libnss_files-2.21.so
7fce1d334000-7fce1d33f000 r-xp 00000000 08:05 917688                     /lib/x86_64-linux-gnu/libnss_nis-2.21.so
7fce1d33f000-7fce1d53e000 ---p 0000b000 08:05 917688                     /lib/x86_64-linux-gnu/libnss_nis-2.21.so
7fce1d53e000-7fce1d53f000 r--p 0000a000 08:05 917688                     /lib/x86_64-linux-gnu/libnss_nis-2.21.so
7fce1d53f000-7fce1d540000 rw-p 0000b000 08:05 917688                     /lib/x86_64-linux-gnu/libnss_nis-2.21.so
7fce1d540000-7fce1d557000 r-xp 00000000 08:05 917691                     /lib/x86_64-linux-gnu/libnsl-2.21.so
7fce1d557000-7fce1d756000 ---p 00017000 08:05 917691                     /lib/x86_64-linux-gnu/libnsl-2.21.so
7fce1d756000-7fce1d757000 r--p 00016000 08:05 917691                     /lib/x86_64-linux-gnu/libnsl-2.21.so
7fce1d757000-7fce1d758000 rw-p 00017000 08:05 917691                     /lib/x86_64-linux-gnu/libnsl-2.21.so
7fce1d758000-7fce1d75a000 rw-p 00000000 00:00 0 
7fce1d75a000-7fce1d762000 r-xp 00000000 08:05 917672                     /lib/x86_64-linux-gnu/libnss_compat-2.21.so
7fce1d762000-7fce1d961000 ---p 00008000 08:05 917672                     /lib/x86_64-linux-gnu/libnss_compat-2.21.so
7fce1d961000-7fce1d962000 r--p 00007000 08:05 917672                     /lib/x86_64-linux-gnu/libnss_compat-2.21.so
7fce1d962000-7fce1d963000 rw-p 00008000 08:05 917672                     /lib/x86_64-linux-gnu/libnss_compat-2.21.so
7fce1d963000-7fce1d990000 r-xp 00000000 08:05 1574096                    /usr/lib/jvm/java-8-openjdk-amd64/jre/lib/amd64/libjava.so
7fce1d990000-7fce1db8f000 ---p 0002d000 08:05 1574096                    /usr/lib/jvm/java-8-openjdk-amd64/jre/lib/amd64/libjava.so
7fce1db8f000-7fce1db90000 r--p 0002c000 08:05 1574096                    /usr/lib/jvm/java-8-openjdk-amd64/jre/lib/amd64/libjava.so
7fce1db90000-7fce1db92000 rw-p 0002d000 08:05 1574096                    /usr/lib/jvm/java-8-openjdk-amd64/jre/lib/amd64/libjava.so
7fce1db92000-7fce1dba1000 r-xp 00000000 08:05 1574120                    /usr/lib/jvm/java-8-openjdk-amd64/jre/lib/amd64/libverify.so
7fce1dba1000-7fce1dda0000 ---p 0000f000 08:05 1574120                    /usr/lib/jvm/java-8-openjdk-amd64/jre/lib/amd64/libverify.so
7fce1dda0000-7fce1dda2000 r--p 0000e000 08:05 1574120                    /usr/lib/jvm/java-8-openjdk-amd64/jre/lib/amd64/libverify.so
7fce1dda2000-7fce1dda3000 rw-p 00010000 08:05 1574120                    /usr/lib/jvm/java-8-openjdk-amd64/jre/lib/amd64/libverify.so
7fce1dda3000-7fce1ddaa000 r-xp 00000000 08:05 917614                     /lib/x86_64-linux-gnu/librt-2.21.so
7fce1ddaa000-7fce1dfa9000 ---p 00007000 08:05 917614                     /lib/x86_64-linux-gnu/librt-2.21.so
7fce1dfa9000-7fce1dfaa000 r--p 00006000 08:05 917614                     /lib/x86_64-linux-gnu/librt-2.21.so
7fce1dfaa000-7fce1dfab000 rw-p 00007000 08:05 917614                     /lib/x86_64-linux-gnu/librt-2.21.so
7fce1dfab000-7fce1dfc1000 r-xp 00000000 08:05 921917                     /lib/x86_64-linux-gnu/libgcc_s.so.1
7fce1dfc1000-7fce1e1c0000 ---p 00016000 08:05 921917                     /lib/x86_64-linux-gnu/libgcc_s.so.1
7fce1e1c0000-7fce1e1c1000 r--p 00015000 08:05 921917                     /lib/x86_64-linux-gnu/libgcc_s.so.1
7fce1e1c1000-7fce1e1c2000 rw-p 00016000 08:05 921917                     /lib/x86_64-linux-gnu/libgcc_s.so.1
7fce1e1c2000-7fce1e2c9000 r-xp 00000000 08:05 917673                     /lib/x86_64-linux-gnu/libm-2.21.so
7fce1e2c9000-7fce1e4c8000 ---p 00107000 08:05 917673                     /lib/x86_64-linux-gnu/libm-2.21.so
7fce1e4c8000-7fce1e4c9000 r--p 00106000 08:05 917673                     /lib/x86_64-linux-gnu/libm-2.21.so
7fce1e4c9000-7fce1e4ca000 rw-p 00107000 08:05 917673                     /lib/x86_64-linux-gnu/libm-2.21.so
7fce1e4ca000-7fce1e63d000 r-xp 00000000 08:05 1578698                    /usr/lib/x86_64-linux-gnu/libstdc++.so.6.0.21
7fce1e63d000-7fce1e83c000 ---p 00173000 08:05 1578698                    /usr/lib/x86_64-linux-gnu/libstdc++.so.6.0.21
7fce1e83c000-7fce1e846000 r--p 00172000 08:05 1578698                    /usr/lib/x86_64-linux-gnu/libstdc++.so.6.0.21
7fce1e846000-7fce1e848000 rw-p 0017c000 08:05 1578698                    /usr/lib/x86_64-linux-gnu/libstdc++.so.6.0.21
7fce1e848000-7fce1e84c000 rw-p 00000000 00:00 0 
7fce1e84c000-7fce1f493000 r-xp 00000000 08:05 1574189                    /usr/lib/jvm/java-8-openjdk-amd64/jre/lib/amd64/server/libjvm.so
7fce1f493000-7fce1f693000 ---p 00c47000 08:05 1574189                    /usr/lib/jvm/java-8-openjdk-amd64/jre/lib/amd64/server/libjvm.so
7fce1f693000-7fce1f726000 r--p 00c47000 08:05 1574189                    /usr/lib/jvm/java-8-openjdk-amd64/jre/lib/amd64/server/libjvm.so
7fce1f726000-7fce1f74e000 rw-p 00cda000 08:05 1574189                    /usr/lib/jvm/java-8-openjdk-amd64/jre/lib/amd64/server/libjvm.so
7fce1f74e000-7fce1f77e000 rw-p 00000000 00:00 0 
7fce1f77e000-7fce1f796000 r-xp 00000000 08:05 917674                     /lib/x86_64-linux-gnu/libpthread-2.21.so
7fce1f796000-7fce1f996000 ---p 00018000 08:05 917674                     /lib/x86_64-linux-gnu/libpthread-2.21.so
7fce1f996000-7fce1f997000 r--p 00018000 08:05 917674                     /lib/x86_64-linux-gnu/libpthread-2.21.so
7fce1f997000-7fce1f998000 rw-p 00019000 08:05 917674                     /lib/x86_64-linux-gnu/libpthread-2.21.so
7fce1f998000-7fce1f99c000 rw-p 00000000 00:00 0 
7fce1f99c000-7fce1f99f000 r-xp 00000000 08:05 917677                     /lib/x86_64-linux-gnu/libdl-2.21.so
7fce1f99f000-7fce1fb9e000 ---p 00003000 08:05 917677                     /lib/x86_64-linux-gnu/libdl-2.21.so
7fce1fb9e000-7fce1fb9f000 r--p 00002000 08:05 917677                     /lib/x86_64-linux-gnu/libdl-2.21.so
7fce1fb9f000-7fce1fba0000 rw-p 00003000 08:05 917677                     /lib/x86_64-linux-gnu/libdl-2.21.so
7fce1fba0000-7fce1fbb9000 r-xp 00000000 08:05 917579                     /lib/x86_64-linux-gnu/libz.so.1.2.8
7fce1fbb9000-7fce1fdb8000 ---p 00019000 08:05 917579                     /lib/x86_64-linux-gnu/libz.so.1.2.8
7fce1fdb8000-7fce1fdb9000 r--p 00018000 08:05 917579                     /lib/x86_64-linux-gnu/libz.so.1.2.8
7fce1fdb9000-7fce1fdba000 rw-p 00019000 08:05 917579                     /lib/x86_64-linux-gnu/libz.so.1.2.8
7fce1fdba000-7fce1ff7a000 r-xp 00000000 08:05 917694                     /lib/x86_64-linux-gnu/libc-2.21.so
7fce1ff7a000-7fce2017a000 ---p 001c0000 08:05 917694                     /lib/x86_64-linux-gnu/libc-2.21.so
7fce2017a000-7fce2017e000 r--p 001c0000 08:05 917694                     /lib/x86_64-linux-gnu/libc-2.21.so
7fce2017e000-7fce20180000 rw-p 001c4000 08:05 917694                     /lib/x86_64-linux-gnu/libc-2.21.so
7fce20180000-7fce20184000 rw-p 00000000 00:00 0 
7fce20184000-7fce20191000 r-xp 00000000 08:05 1578816                    /usr/lib/jvm/java-8-openjdk-amd64/jre/lib/amd64/jli/libjli.so
7fce20191000-7fce20391000 ---p 0000d000 08:05 1578816                    /usr/lib/jvm/java-8-openjdk-amd64/jre/lib/amd64/jli/libjli.so
7fce20391000-7fce20392000 r--p 0000d000 08:05 1578816                    /usr/lib/jvm/java-8-openjdk-amd64/jre/lib/amd64/jli/libjli.so
7fce20392000-7fce20393000 rw-p 0000e000 08:05 1578816                    /usr/lib/jvm/java-8-openjdk-amd64/jre/lib/amd64/jli/libjli.so
7fce20393000-7fce203b7000 r-xp 00000000 08:05 917692                     /lib/x86_64-linux-gnu/ld-2.21.so
7fce203b7000-7fce203b8000 rw-p 00000000 00:00 0 
7fce203b8000-7fce203ba000 r--s 00007000 08:05 1970372                    /usr/share/java/java-atk-wrapper.jar
7fce203ba000-7fce203bb000 r--s 00008000 08:05 1583015                    /usr/lib/jvm/java-8-openjdk-amd64/jre/lib/ext/sunec.jar
7fce203bb000-7fce203bf000 r--s 00037000 08:05 1583290                    /usr/lib/jvm/java-8-openjdk-amd64/jre/lib/ext/sunpkcs11.jar
7fce203bf000-7fce20484000 rw-p 00000000 00:00 0 
7fce20484000-7fce20487000 ---p 00000000 00:00 0 
7fce20487000-7fce2058a000 rw-p 00000000 00:00 0 
7fce2058a000-7fce2058b000 r--s 0000a000 08:05 1583158                    /usr/lib/jvm/java-8-openjdk-amd64/jre/lib/ext/jaccess.jar
7fce2058b000-7fce2058c000 r--s 00010000 08:05 1583159                    /usr/lib/jvm/java-8-openjdk-amd64/jre/lib/ext/zipfs.jar
7fce2058c000-7fce20596000 r--s 00116000 08:05 1583268                    /usr/lib/jvm/java-8-openjdk-amd64/jre/lib/ext/localedata.jar
7fce20596000-7fce205aa000 rw-p 00000000 00:00 0 
7fce205aa000-7fce205b2000 rw-s 00000000 08:05 655478                     /tmp/hsperfdata_ksychoo/13683
7fce205b2000-7fce205b3000 rw-p 00000000 00:00 0 
7fce205b3000-7fce205b4000 ---p 00000000 00:00 0 
7fce205b4000-7fce205b6000 rw-p 00000000 00:00 0 
7fce205b6000-7fce205b7000 r--p 00023000 08:05 917692                     /lib/x86_64-linux-gnu/ld-2.21.so
7fce205b7000-7fce205b8000 rw-p 00024000 08:05 917692                     /lib/x86_64-linux-gnu/ld-2.21.so
7fce205b8000-7fce205b9000 rw-p 00000000 00:00 0 
7ffd7d5a0000-7ffd7d5c1000 rw-p 00000000 00:00 0                          [stack]
7ffd7d5d2000-7ffd7d5d4000 r--p 00000000 00:00 0                          [vvar]
7ffd7d5d4000-7ffd7d5d6000 r-xp 00000000 00:00 0                          [vdso]
ffffffffff600000-ffffffffff601000 r-xp 00000000 00:00 0                  [vsyscall]

VM Arguments:
jvm_args: -Djava.awt.headless=true -Xmx1024M -Dfile.encoding=UTF-8 -Duser.country=US -Duser.language=en -Duser.variant 
java_command: com.android.dx.command.Main --dex --force-jumbo --num-threads=4 --multi-dex --output /home/ksychoo/AndroidStudioProjects/KillingMonsters/app/build/intermediates/transforms/dex/debug/folders/1000/10/com.android.support-appcompat-v7-23.4.0_52e172c1de2a6ee1f5169bfda3acc55bdf84782d /home/ksychoo/AndroidStudioProjects/KillingMonsters/app/build/intermediates/exploded-aar/com.android.support/appcompat-v7/23.4.0/jars/classes.jar
java_class_path (initial): /home/ksychoo/Android/Sdk/build-tools/23.0.3/lib/dx.jar
Launcher Type: SUN_STANDARD

Environment Variables:
PATH=/usr/local/sbin:/usr/local/bin:/usr/sbin:/usr/bin:/sbin:/bin:/usr/games:/usr/local/games
SHELL=/bin/bash
DISPLAY=:0

Signal Handlers:
SIGSEGV: [libjvm.so+0xa5fbc0], sa_mask[0]=11111111011111111101111111111110, sa_flags=SA_RESTART|SA_SIGINFO
SIGBUS: [libjvm.so+0xa5fbc0], sa_mask[0]=11111111011111111101111111111110, sa_flags=SA_RESTART|SA_SIGINFO
SIGFPE: [libjvm.so+0x8aaed0], sa_mask[0]=11111111011111111101111111111110, sa_flags=SA_RESTART|SA_SIGINFO
SIGPIPE: [libjvm.so+0x8aaed0], sa_mask[0]=11111111011111111101111111111110, sa_flags=SA_RESTART|SA_SIGINFO
SIGXFSZ: [libjvm.so+0x8aaed0], sa_mask[0]=11111111011111111101111111111110, sa_flags=SA_RESTART|SA_SIGINFO
SIGILL: [libjvm.so+0x8aaed0], sa_mask[0]=11111111011111111101111111111110, sa_flags=SA_RESTART|SA_SIGINFO
SIGUSR1: SIG_DFL, sa_mask[0]=00000000000000000000000000000000, sa_flags=none
SIGUSR2: [libjvm.so+0x8aad80], sa_mask[0]=00100000000000000000000000000000, sa_flags=SA_RESTART|SA_SIGINFO
SIGHUP: [libjvm.so+0x8ab250], sa_mask[0]=11111111011111111101111111111110, sa_flags=SA_RESTART|SA_SIGINFO
SIGINT: [libjvm.so+0x8ab250], sa_mask[0]=11111111011111111101111111111110, sa_flags=SA_RESTART|SA_SIGINFO
SIGTERM: [libjvm.so+0x8ab250], sa_mask[0]=11111111011111111101111111111110, sa_flags=SA_RESTART|SA_SIGINFO
SIGQUIT: [libjvm.so+0x8ab250], sa_mask[0]=11111111011111111101111111111110, sa_flags=SA_RESTART|SA_SIGINFO


---------------  S Y S T E M  ---------------

OS:DISTRIB_ID=Ubuntu
DISTRIB_RELEASE=15.10
DISTRIB_CODENAME=wily
DISTRIB_DESCRIPTION="Ubuntu 15.10"

uname:Linux 4.2.0-42-generic #49-Ubuntu SMP Tue Jun 28 21:26:26 UTC 2016 x86_64
libc:glibc 2.21 NPTL 2.21 
rlimit: STACK 8192k, CORE 0k, NPROC 31320, NOFILE 65536, AS infinity
load average:14,52 6,22 3,12

/proc/meminfo:
MemTotal:        8055716 kB
MemFree:          177712 kB
MemAvailable:     165324 kB
Buffers:            3552 kB
Cached:           220168 kB
SwapCached:            0 kB
Active:          7181384 kB
Inactive:         198940 kB
Active(anon):    7167464 kB
Inactive(anon):   124428 kB
Active(file):      13920 kB
Inactive(file):    74512 kB
Unevictable:         112 kB
Mlocked:             112 kB
SwapTotal:             0 kB
SwapFree:              0 kB
Dirty:              4340 kB
Writeback:             0 kB
AnonPages:       7156932 kB
Mapped:           320456 kB
Shmem:            135100 kB
Slab:             127572 kB
SReclaimable:      55732 kB
SUnreclaim:        71840 kB
KernelStack:       15120 kB
PageTables:        65756 kB
NFS_Unstable:          0 kB
Bounce:                0 kB
WritebackTmp:          0 kB
CommitLimit:     4027856 kB
Committed_AS:   12678196 kB
VmallocTotal:   34359738367 kB
VmallocUsed:      402272 kB
VmallocChunk:   34358947836 kB
HardwareCorrupted:     0 kB
AnonHugePages:   3319808 kB
CmaTotal:              0 kB
CmaFree:               0 kB
HugePages_Total:       0
HugePages_Free:        0
HugePages_Rsvd:        0
HugePages_Surp:        0
Hugepagesize:       2048 kB
DirectMap4k:      531916 kB
DirectMap2M:     7737344 kB
DirectMap1G:           0 kB


CPU:total 8 (4 cores per cpu, 2 threads per core) family 6 model 60 stepping 3, cmov, cx8, fxsr, mmx, sse, sse2, sse3, ssse3, sse4.1, sse4.2, popcnt, avx, avx2, aes, clmul, erms, lzcnt, ht, tsc, tscinvbit, bmi1, bmi2

/proc/cpuinfo:
processor	: 0
vendor_id	: GenuineIntel
cpu family	: 6
model		: 60
model name	: Intel(R) Core(TM) i7-4700HQ CPU @ 2.40GHz
stepping	: 3
microcode	: 0x17
cpu MHz		: 3202.500
cache size	: 6144 KB
physical id	: 0
siblings	: 8
core id		: 0
cpu cores	: 4
apicid		: 0
initial apicid	: 0
fpu		: yes
fpu_exception	: yes
cpuid level	: 13
wp		: yes
flags		: fpu vme de pse tsc msr pae mce cx8 apic sep mtrr pge mca cmov pat pse36 clflush dts acpi mmx fxsr sse sse2 ss ht tm pbe syscall nx pdpe1gb rdtscp lm constant_tsc arch_perfmon pebs bts rep_good nopl xtopology nonstop_tsc aperfmperf eagerfpu pni pclmulqdq dtes64 monitor ds_cpl vmx est tm2 ssse3 fma cx16 xtpr pdcm pcid sse4_1 sse4_2 x2apic movbe popcnt tsc_deadline_timer aes xsave avx f16c rdrand lahf_lm abm ida arat epb pln pts dtherm tpr_shadow vnmi flexpriority ept vpid fsgsbase tsc_adjust bmi1 avx2 smep bmi2 erms invpcid xsaveopt
bugs		:
bogomips	: 4788.89
clflush size	: 64
cache_alignment	: 64
address sizes	: 39 bits physical, 48 bits virtual
power management:

processor	: 1
vendor_id	: GenuineIntel
cpu family	: 6
model		: 60
model name	: Intel(R) Core(TM) i7-4700HQ CPU @ 2.40GHz
stepping	: 3
microcode	: 0x17
cpu MHz		: 3293.437
cache size	: 6144 KB
physical id	: 0
siblings	: 8
core id		: 1
cpu cores	: 4
apicid		: 2
initial apicid	: 2
fpu		: yes
fpu_exception	: yes
cpuid level	: 13
wp		: yes
flags		: fpu vme de pse tsc msr pae mce cx8 apic sep mtrr pge mca cmov pat pse36 clflush dts acpi mmx fxsr sse sse2 ss ht tm pbe syscall nx pdpe1gb rdtscp lm constant_tsc arch_perfmon pebs bts rep_good nopl xtopology nonstop_tsc aperfmperf eagerfpu pni pclmulqdq dtes64 monitor ds_cpl vmx est tm2 ssse3 fma cx16 xtpr pdcm pcid sse4_1 sse4_2 x2apic movbe popcnt tsc_deadline_timer aes xsave avx f16c rdrand lahf_lm abm ida arat epb pln pts dtherm tpr_shadow vnmi flexpriority ept vpid fsgsbase tsc_adjust bmi1 avx2 smep bmi2 erms invpcid xsaveopt
bugs		:
bogomips	: 4788.89
clflush size	: 64
cache_alignment	: 64
address sizes	: 39 bits physical, 48 bits virtual
power management:

processor	: 2
vendor_id	: GenuineIntel
cpu family	: 6
model		: 60
model name	: Intel(R) Core(TM) i7-4700HQ CPU @ 2.40GHz
stepping	: 3
microcode	: 0x17
cpu MHz		: 3199.968
cache size	: 6144 KB
physical id	: 0
siblings	: 8
core id		: 2
cpu cores	: 4
apicid		: 4
initial apicid	: 4
fpu		: yes
fpu_exception	: yes
cpuid level	: 13
wp		: yes
flags		: fpu vme de pse tsc msr pae mce cx8 apic sep mtrr pge mca cmov pat pse36 clflush dts acpi mmx fxsr sse sse2 ss ht tm pbe syscall nx pdpe1gb rdtscp lm constant_tsc arch_perfmon pebs bts rep_good nopl xtopology nonstop_tsc aperfmperf eagerfpu pni pclmulqdq dtes64 monitor ds_cpl vmx est tm2 ssse3 fma cx16 xtpr pdcm pcid sse4_1 sse4_2 x2apic movbe popcnt tsc_deadline_timer aes xsave avx f16c rdrand lahf_lm abm ida arat epb pln pts dtherm tpr_shadow vnmi flexpriority ept vpid fsgsbase tsc_adjust bmi1 avx2 smep bmi2 erms invpcid xsaveopt
bugs		:
bogomips	: 4788.89
clflush size	: 64
cache_alignment	: 64
address sizes	: 39 bits physical, 48 bits virtual
power management:

processor	: 3
vendor_id	: GenuineIntel
cpu family	: 6
model		: 60
model name	: Intel(R) Core(TM) i7-4700HQ CPU @ 2.40GHz
stepping	: 3
microcode	: 0x17
cpu MHz		: 3214.125
cache size	: 6144 KB
physical id	: 0
siblings	: 8
core id		: 3
cpu cores	: 4
apicid		: 6
initial apicid	: 6
fpu		: yes
fpu_exception	: yes
cpuid level	: 13
wp		: yes
flags		: fpu vme de pse tsc msr pae mce cx8 apic sep mtrr pge mca cmov pat pse36 clflush dts acpi mmx fxsr sse sse2 ss ht tm pbe syscall nx pdpe1gb rdtscp lm constant_tsc arch_perfmon pebs bts rep_good nopl xtopology nonstop_tsc aperfmperf eagerfpu pni pclmulqdq dtes64 monitor ds_cpl vmx est tm2 ssse3 fma cx16 xtpr pdcm pcid sse4_1 sse4_2 x2apic movbe popcnt tsc_deadline_timer aes xsave avx f16c rdrand lahf_lm abm ida arat epb pln pts dtherm tpr_shadow vnmi flexpriority ept vpid fsgsbase tsc_adjust bmi1 avx2 smep bmi2 erms invpcid xsaveopt
bugs		:
bogomips	: 4788.89
clflush size	: 64
cache_alignment	: 64
address sizes	: 39 bits physical, 48 bits virtual
power management:

processor	: 4
vendor_id	: GenuineIntel
cpu family	: 6
model		: 60
model name	: Intel(R) Core(TM) i7-4700HQ CPU @ 2.40GHz
stepping	: 3
microcode	: 0x17
cpu MHz		: 3199.968
cache size	: 6144 KB
physical id	: 0
siblings	: 8
core id		: 0
cpu cores	: 4
apicid		: 1
initial apicid	: 1
fpu		: yes
fpu_exception	: yes
cpuid level	: 13
wp		: yes
flags		: fpu vme de pse tsc msr pae mce cx8 apic sep mtrr pge mca cmov pat pse36 clflush dts acpi mmx fxsr sse sse2 ss ht tm pbe syscall nx pdpe1gb rdtscp lm constant_tsc arch_perfmon pebs bts rep_good nopl xtopology nonstop_tsc aperfmperf eagerfpu pni pclmulqdq dtes64 monitor ds_cpl vmx est tm2 ssse3 fma cx16 xtpr pdcm pcid sse4_1 sse4_2 x2apic movbe popcnt tsc_deadline_timer aes xsave avx f16c rdrand lahf_lm abm ida arat epb pln pts dtherm tpr_shadow vnmi flexpriority ept vpid fsgsbase tsc_adjust bmi1 avx2 smep bmi2 erms invpcid xsaveopt
bugs		:
bogomips	: 4788.89
clflush size	: 64
cache_alignment	: 64
address sizes	: 39 bits physical, 48 bits virtual
power management:

processor	: 5
vendor_id	: GenuineIntel
cpu family	: 6
model		: 60
model name	: Intel(R) Core(TM) i7-4700HQ CPU @ 2.40GHz
stepping	: 3
microcode	: 0x17
cpu MHz		: 3230.625
cache size	: 6144 KB
physical id	: 0
siblings	: 8
core id		: 1
cpu cores	: 4
apicid		: 3
initial apicid	: 3
fpu		: yes
fpu_exception	: yes
cpuid level	: 13
wp		: yes
flags		: fpu vme de pse tsc msr pae mce cx8 apic sep mtrr pge mca cmov pat pse36 clflush dts acpi mmx fxsr sse sse2 ss ht tm pbe syscall nx pdpe1gb rdtscp lm constant_tsc arch_perfmon pebs bts rep_good nopl xtopology nonstop_tsc aperfmperf eagerfpu pni pclmulqdq dtes64 monitor ds_cpl vmx est tm2 ssse3 fma cx16 xtpr pdcm pcid sse4_1 sse4_2 x2apic movbe popcnt tsc_deadline_timer aes xsave avx f16c rdrand lahf_lm abm ida arat epb pln pts dtherm tpr_shadow vnmi flexpriority ept vpid fsgsbase tsc_adjust bmi1 avx2 smep bmi2 erms invpcid xsaveopt
bugs		:
bogomips	: 4788.89
clflush size	: 64
cache_alignment	: 64
address sizes	: 39 bits physical, 48 bits virtual
power management:

processor	: 6
vendor_id	: GenuineIntel
cpu family	: 6
model		: 60
model name	: Intel(R) Core(TM) i7-4700HQ CPU @ 2.40GHz
stepping	: 3
microcode	: 0x17
cpu MHz		: 3200.718
cache size	: 6144 KB
physical id	: 0
siblings	: 8
core id		: 2
cpu cores	: 4
apicid		: 5
initial apicid	: 5
fpu		: yes
fpu_exception	: yes
cpuid level	: 13
wp		: yes
flags		: fpu vme de pse tsc msr pae mce cx8 apic sep mtrr pge mca cmov pat pse36 clflush dts acpi mmx fxsr sse sse2 ss ht tm pbe syscall nx pdpe1gb rdtscp lm constant_tsc arch_perfmon pebs bts rep_good nopl xtopology nonstop_tsc aperfmperf eagerfpu pni pclmulqdq dtes64 monitor ds_cpl vmx est tm2 ssse3 fma cx16 xtpr pdcm pcid sse4_1 sse4_2 x2apic movbe popcnt tsc_deadline_timer aes xsave avx f16c rdrand lahf_lm abm ida arat epb pln pts dtherm tpr_shadow vnmi flexpriority ept vpid fsgsbase tsc_adjust bmi1 avx2 smep bmi2 erms invpcid xsaveopt
bugs		:
bogomips	: 4788.89
clflush size	: 64
cache_alignment	: 64
address sizes	: 39 bits physical, 48 bits virtual
power management:

processor	: 7
vendor_id	: GenuineIntel
cpu family	: 6
model		: 60
model name	: Intel(R) Core(TM) i7-4700HQ CPU @ 2.40GHz
stepping	: 3
microcode	: 0x17
cpu MHz		: 3292.593
cache size	: 6144 KB
physical id	: 0
siblings	: 8
core id		: 3
cpu cores	: 4
apicid		: 7
initial apicid	: 7
fpu		: yes
fpu_exception	: yes
cpuid level	: 13
wp		: yes
flags		: fpu vme de pse tsc msr pae mce cx8 apic sep mtrr pge mca cmov pat pse36 clflush dts acpi mmx fxsr sse sse2 ss ht tm pbe syscall nx pdpe1gb rdtscp lm constant_tsc arch_perfmon pebs bts rep_good nopl xtopology nonstop_tsc aperfmperf eagerfpu pni pclmulqdq dtes64 monitor ds_cpl vmx est tm2 ssse3 fma cx16 xtpr pdcm pcid sse4_1 sse4_2 x2apic movbe popcnt tsc_deadline_timer aes xsave avx f16c rdrand lahf_lm abm ida arat epb pln pts dtherm tpr_shadow vnmi flexpriority ept vpid fsgsbase tsc_adjust bmi1 avx2 smep bmi2 erms invpcid xsaveopt
bugs		:
bogomips	: 4788.89
clflush size	: 64
cache_alignment	: 64
address sizes	: 39 bits physical, 48 bits virtual
power management:



Memory: 4k page, physical 8055716k(177680k free), swap 0k(0k free)

vm_info: OpenJDK 64-Bit Server VM (25.91-b14) for linux-amd64 JRE (1.8.0_91-8u91-b14-3ubuntu1~15.10.1-b14), built on Jul 21 2016 04:12:46 by "buildd" with gcc 5.2.1 20151010

time: Tue Aug 23 20:32:11 2016
elapsed time: 15 seconds (0d 0h 0m 15s)

