#
# There is insufficient memory for the Java Runtime Environment to continue.
# Native memory allocation (mmap) failed to map 169869312 bytes for committing reserved memory.
# Possible reasons:
#   The system is out of physical RAM or swap space
#   In 32 bit mode, the process size limit was hit
# Possible solutions:
#   Reduce memory load on the system
#   Increase physical memory or swap space
#   Check if swap backing store is full
#   Use 64 bit Java on a 64 bit OS
#   Decrease Java heap size (-Xmx/-Xms)
#   Decrease number of Java threads
#   Decrease Java thread stack sizes (-Xss)
#   Set larger code cache with -XX:ReservedCodeCacheSize=
# This output file may be truncated or incomplete.
#
#  Out of Memory Error (os_linux.cpp:2630), pid=23700, tid=140527565510400
#
# JRE version: OpenJDK Runtime Environment (8.0_91-b14) (build 1.8.0_91-8u91-b14-3ubuntu1~15.10.1-b14)
# Java VM: OpenJDK 64-Bit Server VM (25.91-b14 mixed mode linux-amd64 compressed oops)
# Failed to write core dump. Core dumps have been disabled. To enable core dumping, try "ulimit -c unlimited" before starting Java again
#

---------------  T H R E A D  ---------------

Current thread (0x00007fcf4c080800):  VMThread [stack: 0x00007fcf1f8f9000,0x00007fcf1f9fa000] [id=23713]

Stack: [0x00007fcf1f8f9000,0x00007fcf1f9fa000],  sp=0x00007fcf1f9f84c0,  free space=1021k
Native frames: (J=compiled Java code, j=interpreted, Vv=VM code, C=native code)
V  [libjvm.so+0xa5f06b]
V  [libjvm.so+0x4c1c7c]
V  [libjvm.so+0x8af8b0]
V  [libjvm.so+0x8a9d2e]
V  [libjvm.so+0x923d5b]
V  [libjvm.so+0x9250a3]
V  [libjvm.so+0x921753]
V  [libjvm.so+0x921a1c]
V  [libjvm.so+0x8d4103]
V  [libjvm.so+0xa60d22]
V  [libjvm.so+0xa65da7]
V  [libjvm.so+0xa63577]
V  [libjvm.so+0xa649ff]
V  [libjvm.so+0xa64ef1]
V  [libjvm.so+0x8acd92]

VM_Operation (0x00007fcf1e3d6bb0): ParallelGCFailedAllocation, mode: safepoint, requested by thread 0x00007fcf4c1a7000


---------------  P R O C E S S  ---------------

Java Threads: ( => current thread )
  0x00007fcf4c1a7000 JavaThread "pool-2-thread-4" [_thread_blocked, id=23733, stack(0x00007fcf1e2d8000,0x00007fcf1e3d9000)]
  0x00007fcf4c1a5000 JavaThread "pool-2-thread-3" [_thread_blocked, id=23732, stack(0x00007fcf1e3d9000,0x00007fcf1e4da000)]
  0x00007fcf4c1a4000 JavaThread "pool-2-thread-2" [_thread_blocked, id=23731, stack(0x00007fcf1e4da000,0x00007fcf1e5db000)]
  0x00007fcf4c1a2000 JavaThread "pool-3-thread-1" [_thread_blocked, id=23730, stack(0x00007fcf1e5db000,0x00007fcf1e6dc000)]
  0x00007fcf4c1a0800 JavaThread "pool-2-thread-1" [_thread_blocked, id=23729, stack(0x00007fcf1e6dc000,0x00007fcf1e7dd000)]
  0x00007fcf4c0c5800 JavaThread "Service Thread" daemon [_thread_blocked, id=23725, stack(0x00007fcf1e8de000,0x00007fcf1e9df000)]
  0x00007fcf4c0c0800 JavaThread "C1 CompilerThread3" daemon [_thread_blocked, id=23724, stack(0x00007fcf1e9df000,0x00007fcf1eae0000)]
  0x00007fcf4c0bc000 JavaThread "C2 CompilerThread2" daemon [_thread_blocked, id=23722, stack(0x00007fcf1eae0000,0x00007fcf1ebe1000)]
  0x00007fcf4c0ba800 JavaThread "C2 CompilerThread1" daemon [_thread_blocked, id=23720, stack(0x00007fcf1ebe1000,0x00007fcf1ece2000)]
  0x00007fcf4c0b7800 JavaThread "C2 CompilerThread0" daemon [_thread_blocked, id=23719, stack(0x00007fcf1ece2000,0x00007fcf1ede3000)]
  0x00007fcf4c0b5000 JavaThread "Signal Dispatcher" daemon [_thread_blocked, id=23717, stack(0x00007fcf1ede3000,0x00007fcf1eee4000)]
  0x00007fcf4c08c800 JavaThread "Finalizer" daemon [_thread_blocked, id=23715, stack(0x00007fcf1f6f7000,0x00007fcf1f7f8000)]
  0x00007fcf4c088000 JavaThread "Reference Handler" daemon [_thread_blocked, id=23714, stack(0x00007fcf1f7f8000,0x00007fcf1f8f9000)]
  0x00007fcf4c00a000 JavaThread "main" [_thread_blocked, id=23704, stack(0x00007fcf557bf000,0x00007fcf558c0000)]

Other Threads:
=>0x00007fcf4c080800 VMThread [stack: 0x00007fcf1f8f9000,0x00007fcf1f9fa000] [id=23713]
  0x00007fcf4c0c8000 WatcherThread [stack: 0x00007fcf1e7dd000,0x00007fcf1e8de000] [id=23726]

VM state:at safepoint (normal execution)

VM Mutex/Monitor currently owned by a thread:  ([mutex/lock_event])
[0x00007fcf4c006830] Threads_lock - owner thread: 0x00007fcf4c080800
[0x00007fcf4c006d30] Heap_lock - owner thread: 0x00007fcf4c1a7000

Heap:
 PSYoungGen      total 132096K, used 5089K [0x00000000eab00000, 0x00000000f3100000, 0x0000000100000000)
  eden space 126976K, 0% used [0x00000000eab00000,0x00000000eab00000,0x00000000f2700000)
  from space 5120K, 99% used [0x00000000f2700000,0x00000000f2bf85a0,0x00000000f2c00000)
  to   space 5120K, 0% used [0x00000000f2c00000,0x00000000f2c00000,0x00000000f3100000)
 ParOldGen       total 84992K, used 40094K [0x00000000c0000000, 0x00000000c5300000, 0x00000000eab00000)
  object space 84992K, 47% used [0x00000000c0000000,0x00000000c27278b8,0x00000000c5300000)
 Metaspace       used 6273K, capacity 7152K, committed 7296K, reserved 1056768K
  class space    used 589K, capacity 616K, committed 640K, reserved 1048576K

Card table byte_map: [0x00007fcf51c99000,0x00007fcf51e9a000] byte_map_base: 0x00007fcf51699000

Marking Bits: (ParMarkBitMap*) 0x00007fcf54a9d000
 Begin Bits: [0x00007fcf16000000, 0x00007fcf17000000)
 End Bits:   [0x00007fcf17000000, 0x00007fcf18000000)

Polling page: 0x00007fcf558ee000

CodeCache: size=245760Kb used=8177Kb max_used=8196Kb free=237582Kb
 bounds [0x00007fcf3d000000, 0x00007fcf3d810000, 0x00007fcf4c000000]
 total_blobs=2255 nmethods=1988 adapters=182
 compilation: enabled

Compilation events (10 events):
Event: 5,956 Thread 0x00007fcf4c0c0800 nmethod 2254 0x00007fcf3d7f8fd0 code [0x00007fcf3d7f9160, 0x00007fcf3d7f93f8]
Event: 5,970 Thread 0x00007fcf4c0c0800 2255       3       com.android.dx.ssa.SsaMethod::convertRopToSsaBlocks (103 bytes)
Event: 5,972 Thread 0x00007fcf4c0c0800 nmethod 2255 0x00007fcf3d7f9590 code [0x00007fcf3d7f9800, 0x00007fcf3d7fa9a8]
Event: 5,972 Thread 0x00007fcf4c0c0800 2256       2       com.android.dx.dex.code.TargetInsn::<init> (29 bytes)
Event: 5,973 Thread 0x00007fcf4c0c0800 nmethod 2256 0x00007fcf3d7fb350 code [0x00007fcf3d7fb4c0, 0x00007fcf3d7fb718]
Event: 5,976 Thread 0x00007fcf4c0c0800 2259       3       com.android.dx.util.LabeledList::<init> (57 bytes)
Event: 5,976 Thread 0x00007fcf4c0c0800 nmethod 2259 0x00007fcf3d7fb850 code [0x00007fcf3d7fba80, 0x00007fcf3d7fc6f8]
Event: 7,966 Thread 0x00007fcf4c0ba800 nmethod 2155% 0x00007fcf3d801e90 code [0x00007fcf3d8021a0, 0x00007fcf3d8044c8]
Event: 8,329 Thread 0x00007fcf4c0c0800 2265   !   2       com.android.dx.dex.file.UniformListItem::getAlignment (40 bytes)
Event: 8,329 Thread 0x00007fcf4c0ba800 2211       4       java.util.HashMap::get (23 bytes)

GC Heap History (9 events):
Event: 1,740 GC heap before
{Heap before GC invocations=1 (full 0):
 PSYoungGen      total 36864K, used 31744K [0x00000000eab00000, 0x00000000ed400000, 0x0000000100000000)
  eden space 31744K, 100% used [0x00000000eab00000,0x00000000eca00000,0x00000000eca00000)
  from space 5120K, 0% used [0x00000000ecf00000,0x00000000ecf00000,0x00000000ed400000)
  to   space 5120K, 0% used [0x00000000eca00000,0x00000000eca00000,0x00000000ecf00000)
 ParOldGen       total 84992K, used 0K [0x00000000c0000000, 0x00000000c5300000, 0x00000000eab00000)
  object space 84992K, 0% used [0x00000000c0000000,0x00000000c0000000,0x00000000c5300000)
 Metaspace       used 5682K, capacity 6768K, committed 7040K, reserved 1056768K
  class space    used 569K, capacity 616K, committed 640K, reserved 1048576K
Event: 1,778 GC heap after
Heap after GC invocations=1 (full 0):
 PSYoungGen      total 36864K, used 5102K [0x00000000eab00000, 0x00000000ef300000, 0x0000000100000000)
  eden space 31744K, 0% used [0x00000000eab00000,0x00000000eab00000,0x00000000eca00000)
  from space 5120K, 99% used [0x00000000eca00000,0x00000000ecefba08,0x00000000ecf00000)
  to   space 5120K, 0% used [0x00000000eee00000,0x00000000eee00000,0x00000000ef300000)
 ParOldGen       total 84992K, used 1071K [0x00000000c0000000, 0x00000000c5300000, 0x00000000eab00000)
  object space 84992K, 1% used [0x00000000c0000000,0x00000000c010bcb8,0x00000000c5300000)
 Metaspace       used 5682K, capacity 6768K, committed 7040K, reserved 1056768K
  class space    used 569K, capacity 616K, committed 640K, reserved 1048576K
}
Event: 2,462 GC heap before
{Heap before GC invocations=2 (full 0):
 PSYoungGen      total 36864K, used 36846K [0x00000000eab00000, 0x00000000ef300000, 0x0000000100000000)
  eden space 31744K, 100% used [0x00000000eab00000,0x00000000eca00000,0x00000000eca00000)
  from space 5120K, 99% used [0x00000000eca00000,0x00000000ecefba08,0x00000000ecf00000)
  to   space 5120K, 0% used [0x00000000eee00000,0x00000000eee00000,0x00000000ef300000)
 ParOldGen       total 84992K, used 1071K [0x00000000c0000000, 0x00000000c5300000, 0x00000000eab00000)
  object space 84992K, 1% used [0x00000000c0000000,0x00000000c010bcb8,0x00000000c5300000)
 Metaspace       used 5818K, capacity 6896K, committed 7040K, reserved 1056768K
  class space    used 570K, capacity 616K, committed 640K, reserved 1048576K
Event: 2,517 GC heap after
Heap after GC invocations=2 (full 0):
 PSYoungGen      total 68608K, used 5119K [0x00000000eab00000, 0x00000000ef300000, 0x0000000100000000)
  eden space 63488K, 0% used [0x00000000eab00000,0x00000000eab00000,0x00000000ee900000)
  from space 5120K, 99% used [0x00000000eee00000,0x00000000ef2ffdf0,0x00000000ef300000)
  to   space 5120K, 0% used [0x00000000ee900000,0x00000000ee900000,0x00000000eee00000)
 ParOldGen       total 84992K, used 4306K [0x00000000c0000000, 0x00000000c5300000, 0x00000000eab00000)
  object space 84992K, 5% used [0x00000000c0000000,0x00000000c0434b30,0x00000000c5300000)
 Metaspace       used 5818K, capacity 6896K, committed 7040K, reserved 1056768K
  class space    used 570K, capacity 616K, committed 640K, reserved 1048576K
}
Event: 3,286 GC heap before
{Heap before GC invocations=3 (full 0):
 PSYoungGen      total 68608K, used 68607K [0x00000000eab00000, 0x00000000ef300000, 0x0000000100000000)
  eden space 63488K, 100% used [0x00000000eab00000,0x00000000ee900000,0x00000000ee900000)
  from space 5120K, 99% used [0x00000000eee00000,0x00000000ef2ffdf0,0x00000000ef300000)
  to   space 5120K, 0% used [0x00000000ee900000,0x00000000ee900000,0x00000000eee00000)
 ParOldGen       total 84992K, used 4306K [0x00000000c0000000, 0x00000000c5300000, 0x00000000eab00000)
  object space 84992K, 5% used [0x00000000c0000000,0x00000000c0434b30,0x00000000c5300000)
 Metaspace       used 5885K, capacity 6960K, committed 7040K, reserved 1056768K
  class space    used 570K, capacity 616K, committed 640K, reserved 1048576K
Event: 3,362 GC heap after
Heap after GC invocations=3 (full 0):
 PSYoungGen      total 68608K, used 5098K [0x00000000eab00000, 0x00000000f3100000, 0x0000000100000000)
  eden space 63488K, 0% used [0x00000000eab00000,0x00000000eab00000,0x00000000ee900000)
  from space 5120K, 99% used [0x00000000ee900000,0x00000000eedfaa38,0x00000000eee00000)
  to   space 5120K, 0% used [0x00000000f2c00000,0x00000000f2c00000,0x00000000f3100000)
 ParOldGen       total 84992K, used 13691K [0x00000000c0000000, 0x00000000c5300000, 0x00000000eab00000)
  object space 84992K, 16% used [0x00000000c0000000,0x00000000c0d5ee68,0x00000000c5300000)
 Metaspace       used 5885K, capacity 6960K, committed 7040K, reserved 1056768K
  class space    used 570K, capacity 616K, committed 640K, reserved 1048576K
}
Event: 3,780 GC heap before
{Heap before GC invocations=4 (full 0):
 PSYoungGen      total 68608K, used 68586K [0x00000000eab00000, 0x00000000f3100000, 0x0000000100000000)
  eden space 63488K, 100% used [0x00000000eab00000,0x00000000ee900000,0x00000000ee900000)
  from space 5120K, 99% used [0x00000000ee900000,0x00000000eedfaa38,0x00000000eee00000)
  to   space 5120K, 0% used [0x00000000f2c00000,0x00000000f2c00000,0x00000000f3100000)
 ParOldGen       total 84992K, used 13691K [0x00000000c0000000, 0x00000000c5300000, 0x00000000eab00000)
  object space 84992K, 16% used [0x00000000c0000000,0x00000000c0d5ee68,0x00000000c5300000)
 Metaspace       used 6039K, capacity 6960K, committed 7040K, reserved 1056768K
  class space    used 588K, capacity 616K, committed 640K, reserved 1048576K
Event: 3,851 GC heap after
Heap after GC invocations=4 (full 0):
 PSYoungGen      total 132096K, used 5111K [0x00000000eab00000, 0x00000000f3100000, 0x0000000100000000)
  eden space 126976K, 0% used [0x00000000eab00000,0x00000000eab00000,0x00000000f2700000)
  from space 5120K, 99% used [0x00000000f2c00000,0x00000000f30fdd20,0x00000000f3100000)
  to   space 5120K, 0% used [0x00000000f2700000,0x00000000f2700000,0x00000000f2c00000)
 ParOldGen       total 84992K, used 22028K [0x00000000c0000000, 0x00000000c5300000, 0x00000000eab00000)
  object space 84992K, 25% used [0x00000000c0000000,0x00000000c1583278,0x00000000c5300000)
 Metaspace       used 6039K, capacity 6960K, committed 7040K, reserved 1056768K
  class space    used 588K, capacity 616K, committed 640K, reserved 1048576K
}
Event: 8,664 GC heap before
{Heap before GC invocations=5 (full 0):
 PSYoungGen      total 132096K, used 132087K [0x00000000eab00000, 0x00000000f3100000, 0x0000000100000000)
  eden space 126976K, 100% used [0x00000000eab00000,0x00000000f2700000,0x00000000f2700000)
  from space 5120K, 99% used [0x00000000f2c00000,0x00000000f30fdd20,0x00000000f3100000)
  to   space 5120K, 0% used [0x00000000f2700000,0x00000000f2700000,0x00000000f2c00000)
 ParOldGen       total 84992K, used 22028K [0x00000000c0000000, 0x00000000c5300000, 0x00000000eab00000)
  object space 84992K, 25% used [0x00000000c0000000,0x00000000c1583278,0x00000000c5300000)
 Metaspace       used 6273K, capacity 7152K, committed 7296K, reserved 1056768K
  class space    used 589K, capacity 616K, committed 640K, reserved 1048576K

Deoptimization events (10 events):
Event: 4,962 Thread 0x00007fcf4c1a5000 Uncommon trap: reason=unstable_if action=reinterpret pc=0x00007fcf3d4d9380 method=com.android.dx.ssa.MoveParamCombiner$1.visitNonMoveInsn(Lcom/android/dx/ssa/NormalSsaInsn;)V @ 27
Event: 4,974 Thread 0x00007fcf4c1a4000 Uncommon trap: reason=unstable_if action=reinterpret pc=0x00007fcf3d5ee2cc method=com.android.dx.rop.code.RegisterSpec.intersect(Lcom/android/dx/rop/code/RegisterSpec;Z)Lcom/android/dx/rop/code/RegisterSpec; @ 42
Event: 5,016 Thread 0x00007fcf4c1a0800 Uncommon trap: reason=unstable_if action=reinterpret pc=0x00007fcf3d5cd24c method=com.android.dx.rop.code.RegisterSpec.equals(ILcom/android/dx/rop/type/TypeBearer;Lcom/android/dx/rop/code/LocalItem;)Z @ 42
Event: 5,016 Thread 0x00007fcf4c1a0800 Uncommon trap: reason=unstable_if action=reinterpret pc=0x00007fcf3d5bf3a4 method=com.android.dx.rop.code.RegisterSpec.equals(ILcom/android/dx/rop/type/TypeBearer;Lcom/android/dx/rop/code/LocalItem;)Z @ 42
Event: 5,205 Thread 0x00007fcf4c1a4000 Uncommon trap: reason=unstable_if action=reinterpret pc=0x00007fcf3d7677dc method=java.util.HashMap.putVal(ILjava/lang/Object;Ljava/lang/Object;ZZ)Ljava/lang/Object; @ 109
Event: 5,205 Thread 0x00007fcf4c1a4000 Uncommon trap: reason=unstable_if action=reinterpret pc=0x00007fcf3d22426c method=java.util.HashMap.getNode(ILjava/lang/Object;)Ljava/util/HashMap$Node; @ 84
Event: 5,227 Thread 0x00007fcf4c1a4000 Uncommon trap: reason=unstable_if action=reinterpret pc=0x00007fcf3d348348 method=com.android.dx.dex.code.OutputFinisher.hasLocalInfo(Lcom/android/dx/dex/code/DalvInsn;)Z @ 24
Event: 5,495 Thread 0x00007fcf4c1a0800 Uncommon trap: reason=unstable_if action=reinterpret pc=0x00007fcf3d7c8c0c method=com.android.dx.ssa.InterferenceRegisterMapper.interferes(III)Z @ 35
Event: 5,895 Thread 0x00007fcf4c1a0800 Uncommon trap: reason=unstable_if action=reinterpret pc=0x00007fcf3d742c3c method=com.android.dx.rop.cst.CstNat.equals(Ljava/lang/Object;)Z @ 25
Event: 5,899 Thread 0x00007fcf4c1a7000 Uncommon trap: reason=unstable_if action=reinterpret pc=0x00007fcf3d5abccc method=com.android.dx.ssa.SCCP.simulateBranch(Lcom/android/dx/ssa/SsaInsn;)V @ 548

Internal exceptions (10 events):
Event: 0,148 Thread 0x00007fcf4c00a000 Exception <a 'java/lang/NoSuchMethodError': Method sun.misc.Unsafe.defineClass(Ljava/lang/String;[BII)Ljava/lang/Class; name or signature does not match> (0x00000000eab07cc0) thrown at [/build/openjdk-8-VN6Zir/openjdk-8-8u91-b14/src/hotspot/src/share/vm/p
Event: 0,148 Thread 0x00007fcf4c00a000 Exception <a 'java/lang/NoSuchMethodError': Method sun.misc.Unsafe.prefetchRead(Ljava/lang/Object;J)V name or signature does not match> (0x00000000eab07fa8) thrown at [/build/openjdk-8-VN6Zir/openjdk-8-8u91-b14/src/hotspot/src/share/vm/prims/jni.cpp, line
Event: 0,313 Thread 0x00007fcf4c00a000 Exception <a 'java/util/zip/ZipException'> (0x00000000eab59b28) thrown at [/build/openjdk-8-VN6Zir/openjdk-8-8u91-b14/src/hotspot/src/share/vm/prims/jni.cpp, line 709]
Event: 0,313 Thread 0x00007fcf4c00a000 Exception <a 'java/security/PrivilegedActionException'> (0x00000000eab59dc8) thrown at [/build/openjdk-8-VN6Zir/openjdk-8-8u91-b14/src/hotspot/src/share/vm/prims/jvm.cpp, line 1386]
Event: 0,313 Thread 0x00007fcf4c00a000 Exception <a 'java/security/PrivilegedActionException'> (0x00000000eab59fd8) thrown at [/build/openjdk-8-VN6Zir/openjdk-8-8u91-b14/src/hotspot/src/share/vm/prims/jvm.cpp, line 1386]
Event: 1,919 Thread 0x00007fcf4c1a4000 Implicit null exception at 0x00007fcf3d2b01bd to 0x00007fcf3d2b323d
Event: 2,412 Thread 0x00007fcf4c1a0800 Implicit null exception at 0x00007fcf3d2beb8b to 0x00007fcf3d2c144d
Event: 3,644 Thread 0x00007fcf4c1a4000 Exception <a 'java/lang/ArrayIndexOutOfBoundsException': 18> (0x00000000ed888b60) thrown at [/build/openjdk-8-VN6Zir/openjdk-8-8u91-b14/src/hotspot/src/share/vm/interpreter/interpreterRuntime.cpp, line 366]
Event: 3,645 Thread 0x00007fcf4c1a4000 Exception <a 'java/lang/ArrayIndexOutOfBoundsException': 145> (0x00000000ed88a6e0) thrown at [/build/openjdk-8-VN6Zir/openjdk-8-8u91-b14/src/hotspot/src/share/vm/interpreter/interpreterRuntime.cpp, line 366]
Event: 3,645 Thread 0x00007fcf4c1a4000 Exception <a 'java/lang/ArrayIndexOutOfBoundsException': 40> (0x00000000ed88b9c8) thrown at [/build/openjdk-8-VN6Zir/openjdk-8-8u91-b14/src/hotspot/src/share/vm/interpreter/interpreterRuntime.cpp, line 366]

Events (10 events):
Event: 5,947 Thread 0x00007fcf4c1a0800 DEOPT UNPACKING pc=0x00007fcf3d047373 sp=0x00007fcf1e7daba0 mode 0
Event: 5,973 Thread 0x00007fcf4c1a0800 DEOPT PACKING pc=0x00007fcf3d55f3c1 sp=0x00007fcf1e7dafc0
Event: 5,973 Thread 0x00007fcf4c1a0800 DEOPT UNPACKING pc=0x00007fcf3d047373 sp=0x00007fcf1e7dada0 mode 0
Event: 5,976 Thread 0x00007fcf4c1a0800 DEOPT PACKING pc=0x00007fcf3d56aedf sp=0x00007fcf1e7daf60
Event: 5,976 Thread 0x00007fcf4c1a0800 DEOPT UNPACKING pc=0x00007fcf3d047373 sp=0x00007fcf1e7dacf8 mode 0
Event: 7,978 Thread 0x00007fcf4c1a7000 DEOPT PACKING pc=0x00007fcf3d332988 sp=0x00007fcf1e3d6e90
Event: 7,978 Thread 0x00007fcf4c1a7000 DEOPT UNPACKING pc=0x00007fcf3d047373 sp=0x00007fcf1e3d6c18 mode 0
Event: 7,978 Thread 0x00007fcf4c1a7000 DEOPT PACKING pc=0x00007fcf3d3998ec sp=0x00007fcf1e3d7050
Event: 7,978 Thread 0x00007fcf4c1a7000 DEOPT UNPACKING pc=0x00007fcf3d047373 sp=0x00007fcf1e3d6d50 mode 0
Event: 8,022 Executing VM operation: ParallelGCFailedAllocation


Dynamic libraries:
00400000-00401000 r-xp 00000000 08:05 1573964                            /usr/lib/jvm/java-8-openjdk-amd64/jre/bin/java
00600000-00601000 r--p 00000000 08:05 1573964                            /usr/lib/jvm/java-8-openjdk-amd64/jre/bin/java
00601000-00602000 rw-p 00001000 08:05 1573964                            /usr/lib/jvm/java-8-openjdk-amd64/jre/bin/java
01214000-01235000 rw-p 00000000 00:00 0                                  [heap]
c0000000-c5300000 rw-p 00000000 00:00 0 
c5300000-eab00000 ---p 00000000 00:00 0 
eab00000-f3100000 rw-p 00000000 00:00 0 
fd300000-100000000 ---p 00000000 00:00 0 
100000000-1000a0000 rw-p 00000000 00:00 0 
1000a0000-140000000 ---p 00000000 00:00 0 
7fced8000000-7fced8021000 rw-p 00000000 00:00 0 
7fced8021000-7fcedc000000 ---p 00000000 00:00 0 
7fcedc000000-7fcedc021000 rw-p 00000000 00:00 0 
7fcedc021000-7fcee0000000 ---p 00000000 00:00 0 
7fcee0000000-7fcee0021000 rw-p 00000000 00:00 0 
7fcee0021000-7fcee4000000 ---p 00000000 00:00 0 
7fcee4000000-7fcee4021000 rw-p 00000000 00:00 0 
7fcee4021000-7fcee8000000 ---p 00000000 00:00 0 
7fcee8000000-7fcee8021000 rw-p 00000000 00:00 0 
7fcee8021000-7fceec000000 ---p 00000000 00:00 0 
7fceec000000-7fceec05a000 rw-p 00000000 00:00 0 
7fceec05a000-7fcef0000000 ---p 00000000 00:00 0 
7fcef0000000-7fcef0ca8000 rw-p 00000000 00:00 0 
7fcef0ca8000-7fcef4000000 ---p 00000000 00:00 0 
7fcef4000000-7fcef4021000 rw-p 00000000 00:00 0 
7fcef4021000-7fcef8000000 ---p 00000000 00:00 0 
7fcef8000000-7fcef9043000 rw-p 00000000 00:00 0 
7fcef9043000-7fcefc000000 ---p 00000000 00:00 0 
7fcefc000000-7fcefd273000 rw-p 00000000 00:00 0 
7fcefd273000-7fcf00000000 ---p 00000000 00:00 0 
7fcf00000000-7fcf00021000 rw-p 00000000 00:00 0 
7fcf00021000-7fcf04000000 ---p 00000000 00:00 0 
7fcf04000000-7fcf04df1000 rw-p 00000000 00:00 0 
7fcf04df1000-7fcf08000000 ---p 00000000 00:00 0 
7fcf08000000-7fcf08021000 rw-p 00000000 00:00 0 
7fcf08021000-7fcf0c000000 ---p 00000000 00:00 0 
7fcf0c000000-7fcf0c021000 rw-p 00000000 00:00 0 
7fcf0c021000-7fcf10000000 ---p 00000000 00:00 0 
7fcf10000000-7fcf10021000 rw-p 00000000 00:00 0 
7fcf10021000-7fcf14000000 ---p 00000000 00:00 0 
7fcf16000000-7fcf18000000 rw-p 00000000 00:00 0 
7fcf18000000-7fcf18021000 rw-p 00000000 00:00 0 
7fcf18021000-7fcf1c000000 ---p 00000000 00:00 0 
7fcf1e2d8000-7fcf1e2db000 ---p 00000000 00:00 0 
7fcf1e2db000-7fcf1e3d9000 rw-p 00000000 00:00 0 
7fcf1e3d9000-7fcf1e3dc000 ---p 00000000 00:00 0 
7fcf1e3dc000-7fcf1e4da000 rw-p 00000000 00:00 0 
7fcf1e4da000-7fcf1e4dd000 ---p 00000000 00:00 0 
7fcf1e4dd000-7fcf1e5db000 rw-p 00000000 00:00 0 
7fcf1e5db000-7fcf1e5de000 ---p 00000000 00:00 0 
7fcf1e5de000-7fcf1e6dc000 rw-p 00000000 00:00 0 
7fcf1e6dc000-7fcf1e6df000 ---p 00000000 00:00 0 
7fcf1e6df000-7fcf1e7dd000 rw-p 00000000 00:00 0 
7fcf1e7dd000-7fcf1e7de000 ---p 00000000 00:00 0 
7fcf1e7de000-7fcf1e8de000 rw-p 00000000 00:00 0 
7fcf1e8de000-7fcf1e8e1000 ---p 00000000 00:00 0 
7fcf1e8e1000-7fcf1e9df000 rw-p 00000000 00:00 0 
7fcf1e9df000-7fcf1e9e2000 ---p 00000000 00:00 0 
7fcf1e9e2000-7fcf1eae0000 rw-p 00000000 00:00 0 
7fcf1eae0000-7fcf1eae3000 ---p 00000000 00:00 0 
7fcf1eae3000-7fcf1ebe1000 rw-p 00000000 00:00 0 
7fcf1ebe1000-7fcf1ebe4000 ---p 00000000 00:00 0 
7fcf1ebe4000-7fcf1ece2000 rw-p 00000000 00:00 0 
7fcf1ece2000-7fcf1ece5000 ---p 00000000 00:00 0 
7fcf1ece5000-7fcf1ede3000 rw-p 00000000 00:00 0 
7fcf1ede3000-7fcf1ede6000 ---p 00000000 00:00 0 
7fcf1ede6000-7fcf1eee4000 rw-p 00000000 00:00 0 
7fcf1eee4000-7fcf1f6f7000 r--p 00000000 08:05 1581171                    /usr/lib/locale/locale-archive
7fcf1f6f7000-7fcf1f6fa000 ---p 00000000 00:00 0 
7fcf1f6fa000-7fcf1f7f8000 rw-p 00000000 00:00 0 
7fcf1f7f8000-7fcf1f7fb000 ---p 00000000 00:00 0 
7fcf1f7fb000-7fcf1f8f9000 rw-p 00000000 00:00 0 
7fcf1f8f9000-7fcf1f8fa000 ---p 00000000 00:00 0 
7fcf1f8fa000-7fcf20000000 rw-p 00000000 00:00 0 
7fcf20000000-7fcf20021000 rw-p 00000000 00:00 0 
7fcf20021000-7fcf24000000 ---p 00000000 00:00 0 
7fcf24000000-7fcf24021000 rw-p 00000000 00:00 0 
7fcf24021000-7fcf28000000 ---p 00000000 00:00 0 
7fcf28000000-7fcf28021000 rw-p 00000000 00:00 0 
7fcf28021000-7fcf2c000000 ---p 00000000 00:00 0 
7fcf2c000000-7fcf2c021000 rw-p 00000000 00:00 0 
7fcf2c021000-7fcf30000000 ---p 00000000 00:00 0 
7fcf30000000-7fcf30021000 rw-p 00000000 00:00 0 
7fcf30021000-7fcf34000000 ---p 00000000 00:00 0 
7fcf34000000-7fcf34021000 rw-p 00000000 00:00 0 
7fcf34021000-7fcf38000000 ---p 00000000 00:00 0 
7fcf38000000-7fcf38021000 rw-p 00000000 00:00 0 
7fcf38021000-7fcf3c000000 ---p 00000000 00:00 0 
7fcf3c054000-7fcf3c05d000 r--s 0008c000 00:2d 2112692                    /home/ksychoo/AndroidStudioProjects/KillingMonsters/app/build/intermediates/exploded-aar/com.android.support/appcompat-v7/23.4.0/jars/classes.jar
7fcf3c05d000-7fcf3c06c000 r--s 000df000 00:2d 2623747                    /home/ksychoo/Android/Sdk/build-tools/23.0.3/lib/dx.jar
7fcf3c06c000-7fcf3c06e000 r--s 00001000 08:05 1583012                    /usr/lib/jvm/java-8-openjdk-amd64/jre/lib/ext/dnsns.jar
7fcf3c06e000-7fcf3c089000 r--s 001d7000 08:05 1582955                    /usr/lib/jvm/java-8-openjdk-amd64/jre/lib/ext/nashorn.jar
7fcf3c089000-7fcf3c08e000 r--s 0003b000 08:05 1583222                    /usr/lib/jvm/java-8-openjdk-amd64/jre/lib/ext/sunjce_provider.jar
7fcf3c08e000-7fcf3d000000 rw-p 00000000 00:00 0 
7fcf3d000000-7fcf3d810000 rwxp 00000000 00:00 0 
7fcf3d810000-7fcf4c000000 ---p 00000000 00:00 0 
7fcf4c000000-7fcf4c1ce000 rw-p 00000000 00:00 0 
7fcf4c1ce000-7fcf50000000 ---p 00000000 00:00 0 
7fcf50001000-7fcf50004000 r--s 0000f000 08:05 1583267                    /usr/lib/jvm/java-8-openjdk-amd64/jre/lib/ext/icedtea-sound.jar
7fcf50004000-7fcf50020000 r--s 00393000 08:05 1583013                    /usr/lib/jvm/java-8-openjdk-amd64/jre/lib/ext/cldrdata.jar
7fcf50020000-7fcf506f7000 rw-p 00000000 00:00 0 
7fcf506f7000-7fcf508c5000 r--s 03beb000 08:05 1582621                    /usr/lib/jvm/java-8-openjdk-amd64/jre/lib/rt.jar
7fcf508c5000-7fcf50fbb000 rw-p 00000000 00:00 0 
7fcf50fbb000-7fcf5113b000 ---p 00000000 00:00 0 
7fcf5113b000-7fcf5133b000 rw-p 00000000 00:00 0 
7fcf5133b000-7fcf5133c000 ---p 00000000 00:00 0 
7fcf5133c000-7fcf5143c000 rw-p 00000000 00:00 0 
7fcf5143c000-7fcf5143d000 ---p 00000000 00:00 0 
7fcf5143d000-7fcf5153d000 rw-p 00000000 00:00 0 
7fcf5153d000-7fcf5153e000 ---p 00000000 00:00 0 
7fcf5153e000-7fcf5163e000 rw-p 00000000 00:00 0 
7fcf5163e000-7fcf5163f000 ---p 00000000 00:00 0 
7fcf5163f000-7fcf5173f000 rw-p 00000000 00:00 0 
7fcf5173f000-7fcf51740000 ---p 00000000 00:00 0 
7fcf51740000-7fcf51840000 rw-p 00000000 00:00 0 
7fcf51840000-7fcf51841000 ---p 00000000 00:00 0 
7fcf51841000-7fcf51941000 rw-p 00000000 00:00 0 
7fcf51941000-7fcf51942000 ---p 00000000 00:00 0 
7fcf51942000-7fcf51a42000 rw-p 00000000 00:00 0 
7fcf51a42000-7fcf51a43000 ---p 00000000 00:00 0 
7fcf51a43000-7fcf51b6d000 rw-p 00000000 00:00 0 
7fcf51b6d000-7fcf51c99000 ---p 00000000 00:00 0 
7fcf51c99000-7fcf51cc3000 rw-p 00000000 00:00 0 
7fcf51cc3000-7fcf51dee000 ---p 00000000 00:00 0 
7fcf51dee000-7fcf51e32000 rw-p 00000000 00:00 0 
7fcf51e32000-7fcf51e99000 ---p 00000000 00:00 0 
7fcf51e99000-7fcf51ebb000 rw-p 00000000 00:00 0 
7fcf51ebb000-7fcf5225a000 ---p 00000000 00:00 0 
7fcf5225a000-7fcf52262000 r-xp 00000000 08:05 1574220                    /usr/lib/jvm/java-8-openjdk-amd64/jre/lib/amd64/libzip.so
7fcf52262000-7fcf52461000 ---p 00008000 08:05 1574220                    /usr/lib/jvm/java-8-openjdk-amd64/jre/lib/amd64/libzip.so
7fcf52461000-7fcf52462000 r--p 00007000 08:05 1574220                    /usr/lib/jvm/java-8-openjdk-amd64/jre/lib/amd64/libzip.so
7fcf52462000-7fcf52463000 rw-p 00008000 08:05 1574220                    /usr/lib/jvm/java-8-openjdk-amd64/jre/lib/amd64/libzip.so
7fcf52463000-7fcf5246d000 r-xp 00000000 08:05 917583                     /lib/x86_64-linux-gnu/libnss_files-2.21.so
7fcf5246d000-7fcf5266d000 ---p 0000a000 08:05 917583                     /lib/x86_64-linux-gnu/libnss_files-2.21.so
7fcf5266d000-7fcf5266e000 r--p 0000a000 08:05 917583                     /lib/x86_64-linux-gnu/libnss_files-2.21.so
7fcf5266e000-7fcf5266f000 rw-p 0000b000 08:05 917583                     /lib/x86_64-linux-gnu/libnss_files-2.21.so
7fcf5266f000-7fcf5267a000 r-xp 00000000 08:05 917688                     /lib/x86_64-linux-gnu/libnss_nis-2.21.so
7fcf5267a000-7fcf52879000 ---p 0000b000 08:05 917688                     /lib/x86_64-linux-gnu/libnss_nis-2.21.so
7fcf52879000-7fcf5287a000 r--p 0000a000 08:05 917688                     /lib/x86_64-linux-gnu/libnss_nis-2.21.so
7fcf5287a000-7fcf5287b000 rw-p 0000b000 08:05 917688                     /lib/x86_64-linux-gnu/libnss_nis-2.21.so
7fcf5287b000-7fcf52892000 r-xp 00000000 08:05 917691                     /lib/x86_64-linux-gnu/libnsl-2.21.so
7fcf52892000-7fcf52a91000 ---p 00017000 08:05 917691                     /lib/x86_64-linux-gnu/libnsl-2.21.so
7fcf52a91000-7fcf52a92000 r--p 00016000 08:05 917691                     /lib/x86_64-linux-gnu/libnsl-2.21.so
7fcf52a92000-7fcf52a93000 rw-p 00017000 08:05 917691                     /lib/x86_64-linux-gnu/libnsl-2.21.so
7fcf52a93000-7fcf52a95000 rw-p 00000000 00:00 0 
7fcf52a95000-7fcf52a9d000 r-xp 00000000 08:05 917672                     /lib/x86_64-linux-gnu/libnss_compat-2.21.so
7fcf52a9d000-7fcf52c9c000 ---p 00008000 08:05 917672                     /lib/x86_64-linux-gnu/libnss_compat-2.21.so
7fcf52c9c000-7fcf52c9d000 r--p 00007000 08:05 917672                     /lib/x86_64-linux-gnu/libnss_compat-2.21.so
7fcf52c9d000-7fcf52c9e000 rw-p 00008000 08:05 917672                     /lib/x86_64-linux-gnu/libnss_compat-2.21.so
7fcf52c9e000-7fcf52ccb000 r-xp 00000000 08:05 1574096                    /usr/lib/jvm/java-8-openjdk-amd64/jre/lib/amd64/libjava.so
7fcf52ccb000-7fcf52eca000 ---p 0002d000 08:05 1574096                    /usr/lib/jvm/java-8-openjdk-amd64/jre/lib/amd64/libjava.so
7fcf52eca000-7fcf52ecb000 r--p 0002c000 08:05 1574096                    /usr/lib/jvm/java-8-openjdk-amd64/jre/lib/amd64/libjava.so
7fcf52ecb000-7fcf52ecd000 rw-p 0002d000 08:05 1574096                    /usr/lib/jvm/java-8-openjdk-amd64/jre/lib/amd64/libjava.so
7fcf52ecd000-7fcf52edc000 r-xp 00000000 08:05 1574120                    /usr/lib/jvm/java-8-openjdk-amd64/jre/lib/amd64/libverify.so
7fcf52edc000-7fcf530db000 ---p 0000f000 08:05 1574120                    /usr/lib/jvm/java-8-openjdk-amd64/jre/lib/amd64/libverify.so
7fcf530db000-7fcf530dd000 r--p 0000e000 08:05 1574120                    /usr/lib/jvm/java-8-openjdk-amd64/jre/lib/amd64/libverify.so
7fcf530dd000-7fcf530de000 rw-p 00010000 08:05 1574120                    /usr/lib/jvm/java-8-openjdk-amd64/jre/lib/amd64/libverify.so
7fcf530de000-7fcf530e5000 r-xp 00000000 08:05 917614                     /lib/x86_64-linux-gnu/librt-2.21.so
7fcf530e5000-7fcf532e4000 ---p 00007000 08:05 917614                     /lib/x86_64-linux-gnu/librt-2.21.so
7fcf532e4000-7fcf532e5000 r--p 00006000 08:05 917614                     /lib/x86_64-linux-gnu/librt-2.21.so
7fcf532e5000-7fcf532e6000 rw-p 00007000 08:05 917614                     /lib/x86_64-linux-gnu/librt-2.21.so
7fcf532e6000-7fcf532fc000 r-xp 00000000 08:05 921917                     /lib/x86_64-linux-gnu/libgcc_s.so.1
7fcf532fc000-7fcf534fb000 ---p 00016000 08:05 921917                     /lib/x86_64-linux-gnu/libgcc_s.so.1
7fcf534fb000-7fcf534fc000 r--p 00015000 08:05 921917                     /lib/x86_64-linux-gnu/libgcc_s.so.1
7fcf534fc000-7fcf534fd000 rw-p 00016000 08:05 921917                     /lib/x86_64-linux-gnu/libgcc_s.so.1
7fcf534fd000-7fcf53604000 r-xp 00000000 08:05 917673                     /lib/x86_64-linux-gnu/libm-2.21.so
7fcf53604000-7fcf53803000 ---p 00107000 08:05 917673                     /lib/x86_64-linux-gnu/libm-2.21.so
7fcf53803000-7fcf53804000 r--p 00106000 08:05 917673                     /lib/x86_64-linux-gnu/libm-2.21.so
7fcf53804000-7fcf53805000 rw-p 00107000 08:05 917673                     /lib/x86_64-linux-gnu/libm-2.21.so
7fcf53805000-7fcf53978000 r-xp 00000000 08:05 1578698                    /usr/lib/x86_64-linux-gnu/libstdc++.so.6.0.21
7fcf53978000-7fcf53b77000 ---p 00173000 08:05 1578698                    /usr/lib/x86_64-linux-gnu/libstdc++.so.6.0.21
7fcf53b77000-7fcf53b81000 r--p 00172000 08:05 1578698                    /usr/lib/x86_64-linux-gnu/libstdc++.so.6.0.21
7fcf53b81000-7fcf53b83000 rw-p 0017c000 08:05 1578698                    /usr/lib/x86_64-linux-gnu/libstdc++.so.6.0.21
7fcf53b83000-7fcf53b87000 rw-p 00000000 00:00 0 
7fcf53b87000-7fcf547ce000 r-xp 00000000 08:05 1574189                    /usr/lib/jvm/java-8-openjdk-amd64/jre/lib/amd64/server/libjvm.so
7fcf547ce000-7fcf549ce000 ---p 00c47000 08:05 1574189                    /usr/lib/jvm/java-8-openjdk-amd64/jre/lib/amd64/server/libjvm.so
7fcf549ce000-7fcf54a61000 r--p 00c47000 08:05 1574189                    /usr/lib/jvm/java-8-openjdk-amd64/jre/lib/amd64/server/libjvm.so
7fcf54a61000-7fcf54a89000 rw-p 00cda000 08:05 1574189                    /usr/lib/jvm/java-8-openjdk-amd64/jre/lib/amd64/server/libjvm.so
7fcf54a89000-7fcf54ab9000 rw-p 00000000 00:00 0 
7fcf54ab9000-7fcf54ad1000 r-xp 00000000 08:05 917674                     /lib/x86_64-linux-gnu/libpthread-2.21.so
7fcf54ad1000-7fcf54cd1000 ---p 00018000 08:05 917674                     /lib/x86_64-linux-gnu/libpthread-2.21.so
7fcf54cd1000-7fcf54cd2000 r--p 00018000 08:05 917674                     /lib/x86_64-linux-gnu/libpthread-2.21.so
7fcf54cd2000-7fcf54cd3000 rw-p 00019000 08:05 917674                     /lib/x86_64-linux-gnu/libpthread-2.21.so
7fcf54cd3000-7fcf54cd7000 rw-p 00000000 00:00 0 
7fcf54cd7000-7fcf54cda000 r-xp 00000000 08:05 917677                     /lib/x86_64-linux-gnu/libdl-2.21.so
7fcf54cda000-7fcf54ed9000 ---p 00003000 08:05 917677                     /lib/x86_64-linux-gnu/libdl-2.21.so
7fcf54ed9000-7fcf54eda000 r--p 00002000 08:05 917677                     /lib/x86_64-linux-gnu/libdl-2.21.so
7fcf54eda000-7fcf54edb000 rw-p 00003000 08:05 917677                     /lib/x86_64-linux-gnu/libdl-2.21.so
7fcf54edb000-7fcf54ef4000 r-xp 00000000 08:05 917579                     /lib/x86_64-linux-gnu/libz.so.1.2.8
7fcf54ef4000-7fcf550f3000 ---p 00019000 08:05 917579                     /lib/x86_64-linux-gnu/libz.so.1.2.8
7fcf550f3000-7fcf550f4000 r--p 00018000 08:05 917579                     /lib/x86_64-linux-gnu/libz.so.1.2.8
7fcf550f4000-7fcf550f5000 rw-p 00019000 08:05 917579                     /lib/x86_64-linux-gnu/libz.so.1.2.8
7fcf550f5000-7fcf552b5000 r-xp 00000000 08:05 917694                     /lib/x86_64-linux-gnu/libc-2.21.so
7fcf552b5000-7fcf554b5000 ---p 001c0000 08:05 917694                     /lib/x86_64-linux-gnu/libc-2.21.so
7fcf554b5000-7fcf554b9000 r--p 001c0000 08:05 917694                     /lib/x86_64-linux-gnu/libc-2.21.so
7fcf554b9000-7fcf554bb000 rw-p 001c4000 08:05 917694                     /lib/x86_64-linux-gnu/libc-2.21.so
7fcf554bb000-7fcf554bf000 rw-p 00000000 00:00 0 
7fcf554bf000-7fcf554cc000 r-xp 00000000 08:05 1578816                    /usr/lib/jvm/java-8-openjdk-amd64/jre/lib/amd64/jli/libjli.so
7fcf554cc000-7fcf556cc000 ---p 0000d000 08:05 1578816                    /usr/lib/jvm/java-8-openjdk-amd64/jre/lib/amd64/jli/libjli.so
7fcf556cc000-7fcf556cd000 r--p 0000d000 08:05 1578816                    /usr/lib/jvm/java-8-openjdk-amd64/jre/lib/amd64/jli/libjli.so
7fcf556cd000-7fcf556ce000 rw-p 0000e000 08:05 1578816                    /usr/lib/jvm/java-8-openjdk-amd64/jre/lib/amd64/jli/libjli.so
7fcf556ce000-7fcf556f2000 r-xp 00000000 08:05 917692                     /lib/x86_64-linux-gnu/ld-2.21.so
7fcf556f2000-7fcf556f3000 rw-p 00000000 00:00 0 
7fcf556f3000-7fcf556f5000 r--s 00007000 08:05 1970372                    /usr/share/java/java-atk-wrapper.jar
7fcf556f5000-7fcf556f6000 r--s 00008000 08:05 1583015                    /usr/lib/jvm/java-8-openjdk-amd64/jre/lib/ext/sunec.jar
7fcf556f6000-7fcf556fa000 r--s 00037000 08:05 1583290                    /usr/lib/jvm/java-8-openjdk-amd64/jre/lib/ext/sunpkcs11.jar
7fcf556fa000-7fcf557bf000 rw-p 00000000 00:00 0 
7fcf557bf000-7fcf557c2000 ---p 00000000 00:00 0 
7fcf557c2000-7fcf558c5000 rw-p 00000000 00:00 0 
7fcf558c5000-7fcf558c6000 r--s 0000a000 08:05 1583158                    /usr/lib/jvm/java-8-openjdk-amd64/jre/lib/ext/jaccess.jar
7fcf558c6000-7fcf558c7000 r--s 00010000 08:05 1583159                    /usr/lib/jvm/java-8-openjdk-amd64/jre/lib/ext/zipfs.jar
7fcf558c7000-7fcf558d1000 r--s 00116000 08:05 1583268                    /usr/lib/jvm/java-8-openjdk-amd64/jre/lib/ext/localedata.jar
7fcf558d1000-7fcf558e5000 rw-p 00000000 00:00 0 
7fcf558e5000-7fcf558ed000 rw-s 00000000 08:05 655480                     /tmp/hsperfdata_ksychoo/23700
7fcf558ed000-7fcf558ee000 rw-p 00000000 00:00 0 
7fcf558ee000-7fcf558ef000 ---p 00000000 00:00 0 
7fcf558ef000-7fcf558f1000 rw-p 00000000 00:00 0 
7fcf558f1000-7fcf558f2000 r--p 00023000 08:05 917692                     /lib/x86_64-linux-gnu/ld-2.21.so
7fcf558f2000-7fcf558f3000 rw-p 00024000 08:05 917692                     /lib/x86_64-linux-gnu/ld-2.21.so
7fcf558f3000-7fcf558f4000 rw-p 00000000 00:00 0 
7ffdb9e05000-7ffdb9e26000 rw-p 00000000 00:00 0                          [stack]
7ffdb9f9b000-7ffdb9f9d000 r--p 00000000 00:00 0                          [vvar]
7ffdb9f9d000-7ffdb9f9f000 r-xp 00000000 00:00 0                          [vdso]
ffffffffff600000-ffffffffff601000 r-xp 00000000 00:00 0                  [vsyscall]

VM Arguments:
jvm_args: -Djava.awt.headless=true -Xmx1024M -Dfile.encoding=UTF-8 -Duser.country=US -Duser.language=en -Duser.variant 
java_command: com.android.dx.command.Main --dex --force-jumbo --num-threads=4 --multi-dex --output /home/ksychoo/AndroidStudioProjects/KillingMonsters/app/build/intermediates/transforms/dex/debug/folders/1000/10/com.android.support-appcompat-v7-23.4.0_52e172c1de2a6ee1f5169bfda3acc55bdf84782d /home/ksychoo/AndroidStudioProjects/KillingMonsters/app/build/intermediates/exploded-aar/com.android.support/appcompat-v7/23.4.0/jars/classes.jar
java_class_path (initial): /home/ksychoo/Android/Sdk/build-tools/23.0.3/lib/dx.jar
Launcher Type: SUN_STANDARD

Environment Variables:
PATH=/usr/local/sbin:/usr/local/bin:/usr/sbin:/usr/bin:/sbin:/bin:/usr/games:/usr/local/games
SHELL=/bin/bash
DISPLAY=:0

Signal Handlers:
SIGSEGV: [libjvm.so+0xa5fbc0], sa_mask[0]=11111111011111111101111111111110, sa_flags=SA_RESTART|SA_SIGINFO
SIGBUS: [libjvm.so+0xa5fbc0], sa_mask[0]=11111111011111111101111111111110, sa_flags=SA_RESTART|SA_SIGINFO
SIGFPE: [libjvm.so+0x8aaed0], sa_mask[0]=11111111011111111101111111111110, sa_flags=SA_RESTART|SA_SIGINFO
SIGPIPE: [libjvm.so+0x8aaed0], sa_mask[0]=11111111011111111101111111111110, sa_flags=SA_RESTART|SA_SIGINFO
SIGXFSZ: [libjvm.so+0x8aaed0], sa_mask[0]=11111111011111111101111111111110, sa_flags=SA_RESTART|SA_SIGINFO
SIGILL: [libjvm.so+0x8aaed0], sa_mask[0]=11111111011111111101111111111110, sa_flags=SA_RESTART|SA_SIGINFO
SIGUSR1: SIG_DFL, sa_mask[0]=00000000000000000000000000000000, sa_flags=none
SIGUSR2: [libjvm.so+0x8aad80], sa_mask[0]=00100000000000000000000000000000, sa_flags=SA_RESTART|SA_SIGINFO
SIGHUP: [libjvm.so+0x8ab250], sa_mask[0]=11111111011111111101111111111110, sa_flags=SA_RESTART|SA_SIGINFO
SIGINT: [libjvm.so+0x8ab250], sa_mask[0]=11111111011111111101111111111110, sa_flags=SA_RESTART|SA_SIGINFO
SIGTERM: [libjvm.so+0x8ab250], sa_mask[0]=11111111011111111101111111111110, sa_flags=SA_RESTART|SA_SIGINFO
SIGQUIT: [libjvm.so+0x8ab250], sa_mask[0]=11111111011111111101111111111110, sa_flags=SA_RESTART|SA_SIGINFO


---------------  S Y S T E M  ---------------

OS:DISTRIB_ID=Ubuntu
DISTRIB_RELEASE=15.10
DISTRIB_CODENAME=wily
DISTRIB_DESCRIPTION="Ubuntu 15.10"

uname:Linux 4.2.0-42-generic #49-Ubuntu SMP Tue Jun 28 21:26:26 UTC 2016 x86_64
libc:glibc 2.21 NPTL 2.21 
rlimit: STACK 8192k, CORE 0k, NPROC 31320, NOFILE 65536, AS infinity
load average:53,74 18,64 8,76

/proc/meminfo:
MemTotal:        8055716 kB
MemFree:          130420 kB
MemAvailable:      87328 kB
Buffers:             748 kB
Cached:           140692 kB
SwapCached:            0 kB
Active:          7295208 kB
Inactive:         119520 kB
Active(anon):    7284364 kB
Inactive(anon):   105064 kB
Active(file):      10844 kB
Inactive(file):    14456 kB
Unevictable:         112 kB
Mlocked:             112 kB
SwapTotal:             0 kB
SwapFree:              0 kB
Dirty:               196 kB
Writeback:             0 kB
AnonPages:       7273556 kB
Mapped:           286076 kB
Shmem:            115984 kB
Slab:             129984 kB
SReclaimable:      57452 kB
SUnreclaim:        72532 kB
KernelStack:       14144 kB
PageTables:        62780 kB
NFS_Unstable:          0 kB
Bounce:                0 kB
WritebackTmp:          0 kB
CommitLimit:     4027856 kB
Committed_AS:   12169200 kB
VmallocTotal:   34359738367 kB
VmallocUsed:      402236 kB
VmallocChunk:   34358947836 kB
HardwareCorrupted:     0 kB
AnonHugePages:   3532800 kB
CmaTotal:              0 kB
CmaFree:               0 kB
HugePages_Total:       0
HugePages_Free:        0
HugePages_Rsvd:        0
HugePages_Surp:        0
Hugepagesize:       2048 kB
DirectMap4k:      622028 kB
DirectMap2M:     7647232 kB
DirectMap1G:           0 kB


CPU:total 8 (4 cores per cpu, 2 threads per core) family 6 model 60 stepping 3, cmov, cx8, fxsr, mmx, sse, sse2, sse3, ssse3, sse4.1, sse4.2, popcnt, avx, avx2, aes, clmul, erms, lzcnt, ht, tsc, tscinvbit, bmi1, bmi2

/proc/cpuinfo:
processor	: 0
vendor_id	: GenuineIntel
cpu family	: 6
model		: 60
model name	: Intel(R) Core(TM) i7-4700HQ CPU @ 2.40GHz
stepping	: 3
microcode	: 0x17
cpu MHz		: 2479.031
cache size	: 6144 KB
physical id	: 0
siblings	: 8
core id		: 0
cpu cores	: 4
apicid		: 0
initial apicid	: 0
fpu		: yes
fpu_exception	: yes
cpuid level	: 13
wp		: yes
flags		: fpu vme de pse tsc msr pae mce cx8 apic sep mtrr pge mca cmov pat pse36 clflush dts acpi mmx fxsr sse sse2 ss ht tm pbe syscall nx pdpe1gb rdtscp lm constant_tsc arch_perfmon pebs bts rep_good nopl xtopology nonstop_tsc aperfmperf eagerfpu pni pclmulqdq dtes64 monitor ds_cpl vmx est tm2 ssse3 fma cx16 xtpr pdcm pcid sse4_1 sse4_2 x2apic movbe popcnt tsc_deadline_timer aes xsave avx f16c rdrand lahf_lm abm ida arat epb pln pts dtherm tpr_shadow vnmi flexpriority ept vpid fsgsbase tsc_adjust bmi1 avx2 smep bmi2 erms invpcid xsaveopt
bugs		:
bogomips	: 4788.89
clflush size	: 64
cache_alignment	: 64
address sizes	: 39 bits physical, 48 bits virtual
power management:

processor	: 1
vendor_id	: GenuineIntel
cpu family	: 6
model		: 60
model name	: Intel(R) Core(TM) i7-4700HQ CPU @ 2.40GHz
stepping	: 3
microcode	: 0x17
cpu MHz		: 2487.562
cache size	: 6144 KB
physical id	: 0
siblings	: 8
core id		: 1
cpu cores	: 4
apicid		: 2
initial apicid	: 2
fpu		: yes
fpu_exception	: yes
cpuid level	: 13
wp		: yes
flags		: fpu vme de pse tsc msr pae mce cx8 apic sep mtrr pge mca cmov pat pse36 clflush dts acpi mmx fxsr sse sse2 ss ht tm pbe syscall nx pdpe1gb rdtscp lm constant_tsc arch_perfmon pebs bts rep_good nopl xtopology nonstop_tsc aperfmperf eagerfpu pni pclmulqdq dtes64 monitor ds_cpl vmx est tm2 ssse3 fma cx16 xtpr pdcm pcid sse4_1 sse4_2 x2apic movbe popcnt tsc_deadline_timer aes xsave avx f16c rdrand lahf_lm abm ida arat epb pln pts dtherm tpr_shadow vnmi flexpriority ept vpid fsgsbase tsc_adjust bmi1 avx2 smep bmi2 erms invpcid xsaveopt
bugs		:
bogomips	: 4788.89
clflush size	: 64
cache_alignment	: 64
address sizes	: 39 bits physical, 48 bits virtual
power management:

processor	: 2
vendor_id	: GenuineIntel
cpu family	: 6
model		: 60
model name	: Intel(R) Core(TM) i7-4700HQ CPU @ 2.40GHz
stepping	: 3
microcode	: 0x17
cpu MHz		: 2227.593
cache size	: 6144 KB
physical id	: 0
siblings	: 8
core id		: 2
cpu cores	: 4
apicid		: 4
initial apicid	: 4
fpu		: yes
fpu_exception	: yes
cpuid level	: 13
wp		: yes
flags		: fpu vme de pse tsc msr pae mce cx8 apic sep mtrr pge mca cmov pat pse36 clflush dts acpi mmx fxsr sse sse2 ss ht tm pbe syscall nx pdpe1gb rdtscp lm constant_tsc arch_perfmon pebs bts rep_good nopl xtopology nonstop_tsc aperfmperf eagerfpu pni pclmulqdq dtes64 monitor ds_cpl vmx est tm2 ssse3 fma cx16 xtpr pdcm pcid sse4_1 sse4_2 x2apic movbe popcnt tsc_deadline_timer aes xsave avx f16c rdrand lahf_lm abm ida arat epb pln pts dtherm tpr_shadow vnmi flexpriority ept vpid fsgsbase tsc_adjust bmi1 avx2 smep bmi2 erms invpcid xsaveopt
bugs		:
bogomips	: 4788.89
clflush size	: 64
cache_alignment	: 64
address sizes	: 39 bits physical, 48 bits virtual
power management:

processor	: 3
vendor_id	: GenuineIntel
cpu family	: 6
model		: 60
model name	: Intel(R) Core(TM) i7-4700HQ CPU @ 2.40GHz
stepping	: 3
microcode	: 0x17
cpu MHz		: 2344.687
cache size	: 6144 KB
physical id	: 0
siblings	: 8
core id		: 3
cpu cores	: 4
apicid		: 6
initial apicid	: 6
fpu		: yes
fpu_exception	: yes
cpuid level	: 13
wp		: yes
flags		: fpu vme de pse tsc msr pae mce cx8 apic sep mtrr pge mca cmov pat pse36 clflush dts acpi mmx fxsr sse sse2 ss ht tm pbe syscall nx pdpe1gb rdtscp lm constant_tsc arch_perfmon pebs bts rep_good nopl xtopology nonstop_tsc aperfmperf eagerfpu pni pclmulqdq dtes64 monitor ds_cpl vmx est tm2 ssse3 fma cx16 xtpr pdcm pcid sse4_1 sse4_2 x2apic movbe popcnt tsc_deadline_timer aes xsave avx f16c rdrand lahf_lm abm ida arat epb pln pts dtherm tpr_shadow vnmi flexpriority ept vpid fsgsbase tsc_adjust bmi1 avx2 smep bmi2 erms invpcid xsaveopt
bugs		:
bogomips	: 4788.89
clflush size	: 64
cache_alignment	: 64
address sizes	: 39 bits physical, 48 bits virtual
power management:

processor	: 4
vendor_id	: GenuineIntel
cpu family	: 6
model		: 60
model name	: Intel(R) Core(TM) i7-4700HQ CPU @ 2.40GHz
stepping	: 3
microcode	: 0x17
cpu MHz		: 2388.187
cache size	: 6144 KB
physical id	: 0
siblings	: 8
core id		: 0
cpu cores	: 4
apicid		: 1
initial apicid	: 1
fpu		: yes
fpu_exception	: yes
cpuid level	: 13
wp		: yes
flags		: fpu vme de pse tsc msr pae mce cx8 apic sep mtrr pge mca cmov pat pse36 clflush dts acpi mmx fxsr sse sse2 ss ht tm pbe syscall nx pdpe1gb rdtscp lm constant_tsc arch_perfmon pebs bts rep_good nopl xtopology nonstop_tsc aperfmperf eagerfpu pni pclmulqdq dtes64 monitor ds_cpl vmx est tm2 ssse3 fma cx16 xtpr pdcm pcid sse4_1 sse4_2 x2apic movbe popcnt tsc_deadline_timer aes xsave avx f16c rdrand lahf_lm abm ida arat epb pln pts dtherm tpr_shadow vnmi flexpriority ept vpid fsgsbase tsc_adjust bmi1 avx2 smep bmi2 erms invpcid xsaveopt
bugs		:
bogomips	: 4788.89
clflush size	: 64
cache_alignment	: 64
address sizes	: 39 bits physical, 48 bits virtual
power management:

processor	: 5
vendor_id	: GenuineIntel
cpu family	: 6
model		: 60
model name	: Intel(R) Core(TM) i7-4700HQ CPU @ 2.40GHz
stepping	: 3
microcode	: 0x17
cpu MHz		: 2375.718
cache size	: 6144 KB
physical id	: 0
siblings	: 8
core id		: 1
cpu cores	: 4
apicid		: 3
initial apicid	: 3
fpu		: yes
fpu_exception	: yes
cpuid level	: 13
wp		: yes
flags		: fpu vme de pse tsc msr pae mce cx8 apic sep mtrr pge mca cmov pat pse36 clflush dts acpi mmx fxsr sse sse2 ss ht tm pbe syscall nx pdpe1gb rdtscp lm constant_tsc arch_perfmon pebs bts rep_good nopl xtopology nonstop_tsc aperfmperf eagerfpu pni pclmulqdq dtes64 monitor ds_cpl vmx est tm2 ssse3 fma cx16 xtpr pdcm pcid sse4_1 sse4_2 x2apic movbe popcnt tsc_deadline_timer aes xsave avx f16c rdrand lahf_lm abm ida arat epb pln pts dtherm tpr_shadow vnmi flexpriority ept vpid fsgsbase tsc_adjust bmi1 avx2 smep bmi2 erms invpcid xsaveopt
bugs		:
bogomips	: 4788.89
clflush size	: 64
cache_alignment	: 64
address sizes	: 39 bits physical, 48 bits virtual
power management:

processor	: 6
vendor_id	: GenuineIntel
cpu family	: 6
model		: 60
model name	: Intel(R) Core(TM) i7-4700HQ CPU @ 2.40GHz
stepping	: 3
microcode	: 0x17
cpu MHz		: 2389.781
cache size	: 6144 KB
physical id	: 0
siblings	: 8
core id		: 2
cpu cores	: 4
apicid		: 5
initial apicid	: 5
fpu		: yes
fpu_exception	: yes
cpuid level	: 13
wp		: yes
flags		: fpu vme de pse tsc msr pae mce cx8 apic sep mtrr pge mca cmov pat pse36 clflush dts acpi mmx fxsr sse sse2 ss ht tm pbe syscall nx pdpe1gb rdtscp lm constant_tsc arch_perfmon pebs bts rep_good nopl xtopology nonstop_tsc aperfmperf eagerfpu pni pclmulqdq dtes64 monitor ds_cpl vmx est tm2 ssse3 fma cx16 xtpr pdcm pcid sse4_1 sse4_2 x2apic movbe popcnt tsc_deadline_timer aes xsave avx f16c rdrand lahf_lm abm ida arat epb pln pts dtherm tpr_shadow vnmi flexpriority ept vpid fsgsbase tsc_adjust bmi1 avx2 smep bmi2 erms invpcid xsaveopt
bugs		:
bogomips	: 4788.89
clflush size	: 64
cache_alignment	: 64
address sizes	: 39 bits physical, 48 bits virtual
power management:

processor	: 7
vendor_id	: GenuineIntel
cpu family	: 6
model		: 60
model name	: Intel(R) Core(TM) i7-4700HQ CPU @ 2.40GHz
stepping	: 3
microcode	: 0x17
cpu MHz		: 2383.593
cache size	: 6144 KB
physical id	: 0
siblings	: 8
core id		: 3
cpu cores	: 4
apicid		: 7
initial apicid	: 7
fpu		: yes
fpu_exception	: yes
cpuid level	: 13
wp		: yes
flags		: fpu vme de pse tsc msr pae mce cx8 apic sep mtrr pge mca cmov pat pse36 clflush dts acpi mmx fxsr sse sse2 ss ht tm pbe syscall nx pdpe1gb rdtscp lm constant_tsc arch_perfmon pebs bts rep_good nopl xtopology nonstop_tsc aperfmperf eagerfpu pni pclmulqdq dtes64 monitor ds_cpl vmx est tm2 ssse3 fma cx16 xtpr pdcm pcid sse4_1 sse4_2 x2apic movbe popcnt tsc_deadline_timer aes xsave avx f16c rdrand lahf_lm abm ida arat epb pln pts dtherm tpr_shadow vnmi flexpriority ept vpid fsgsbase tsc_adjust bmi1 avx2 smep bmi2 erms invpcid xsaveopt
bugs		:
bogomips	: 4788.89
clflush size	: 64
cache_alignment	: 64
address sizes	: 39 bits physical, 48 bits virtual
power management:



Memory: 4k page, physical 8055716k(130420k free), swap 0k(0k free)

vm_info: OpenJDK 64-Bit Server VM (25.91-b14) for linux-amd64 JRE (1.8.0_91-8u91-b14-3ubuntu1~15.10.1-b14), built on Jul 21 2016 04:12:46 by "buildd" with gcc 5.2.1 20151010

time: Tue Aug 23 20:55:03 2016
elapsed time: 88 seconds (0d 0h 1m 28s)

