#
# There is insufficient memory for the Java Runtime Environment to continue.
# Native memory allocation (mmap) failed to map 111673344 bytes for committing reserved memory.
# Possible reasons:
#   The system is out of physical RAM or swap space
#   In 32 bit mode, the process size limit was hit
# Possible solutions:
#   Reduce memory load on the system
#   Increase physical memory or swap space
#   Check if swap backing store is full
#   Use 64 bit Java on a 64 bit OS
#   Decrease Java heap size (-Xmx/-Xms)
#   Decrease number of Java threads
#   Decrease Java thread stack sizes (-Xss)
#   Set larger code cache with -XX:ReservedCodeCacheSize=
# This output file may be truncated or incomplete.
#
#  Out of Memory Error (os_linux.cpp:2630), pid=23553, tid=140390245902080
#
# JRE version: OpenJDK Runtime Environment (8.0_91-b14) (build 1.8.0_91-8u91-b14-3ubuntu1~15.10.1-b14)
# Java VM: OpenJDK 64-Bit Server VM (25.91-b14 mixed mode linux-amd64 compressed oops)
# Failed to write core dump. Core dumps have been disabled. To enable core dumping, try "ulimit -c unlimited" before starting Java again
#

---------------  T H R E A D  ---------------

Current thread (0x00007faf5c080800):  VMThread [stack: 0x00007faf26aca000,0x00007faf26bcb000] [id=23567]

Stack: [0x00007faf26aca000,0x00007faf26bcb000],  sp=0x00007faf26bc9480,  free space=1021k
Native frames: (J=compiled Java code, j=interpreted, Vv=VM code, C=native code)
V  [libjvm.so+0xa5f06b]
V  [libjvm.so+0x4c1c7c]
V  [libjvm.so+0x8af8b0]
V  [libjvm.so+0x8a9d2e]
V  [libjvm.so+0x923d5b]
V  [libjvm.so+0x9133ea]
V  [libjvm.so+0x9135f3]
V  [libjvm.so+0x913f58]
V  [libjvm.so+0x91a21e]
V  [libjvm.so+0x921bdd]
V  [libjvm.so+0x8d4103]
V  [libjvm.so+0xa60d22]
V  [libjvm.so+0xa65da7]
V  [libjvm.so+0xa63577]
V  [libjvm.so+0xa649ff]
V  [libjvm.so+0xa64ef1]
V  [libjvm.so+0x8acd92]

VM_Operation (0x00007faf25761f70): ParallelGCFailedAllocation, mode: safepoint, requested by thread 0x00007faf5c1ea800


---------------  P R O C E S S  ---------------

Java Threads: ( => current thread )
  0x00007faf5c1fb000 JavaThread "pool-2-thread-4" [_thread_blocked, id=23584, stack(0x00007faf25461000,0x00007faf25562000)]
  0x00007faf5c1ec800 JavaThread "pool-2-thread-3" [_thread_blocked, id=23583, stack(0x00007faf25562000,0x00007faf25663000)]
  0x00007faf5c1ea800 JavaThread "pool-2-thread-2" [_thread_blocked, id=23582, stack(0x00007faf25663000,0x00007faf25764000)]
  0x00007faf5c1e9800 JavaThread "pool-3-thread-1" [_thread_blocked, id=23581, stack(0x00007faf25764000,0x00007faf25865000)]
  0x00007faf5c1e7000 JavaThread "pool-2-thread-1" [_thread_blocked, id=23579, stack(0x00007faf25865000,0x00007faf25966000)]
  0x00007faf5c0c6000 JavaThread "Service Thread" daemon [_thread_blocked, id=23575, stack(0x00007faf25aaf000,0x00007faf25bb0000)]
  0x00007faf5c0c1000 JavaThread "C1 CompilerThread3" daemon [_thread_blocked, id=23574, stack(0x00007faf25bb0000,0x00007faf25cb1000)]
  0x00007faf5c0bc000 JavaThread "C2 CompilerThread2" daemon [_thread_blocked, id=23573, stack(0x00007faf25cb1000,0x00007faf25db2000)]
  0x00007faf5c0ba800 JavaThread "C2 CompilerThread1" daemon [_thread_blocked, id=23572, stack(0x00007faf25db2000,0x00007faf25eb3000)]
  0x00007faf5c0b7800 JavaThread "C2 CompilerThread0" daemon [_thread_blocked, id=23571, stack(0x00007faf25eb3000,0x00007faf25fb4000)]
  0x00007faf5c0b5000 JavaThread "Signal Dispatcher" daemon [_thread_blocked, id=23570, stack(0x00007faf25fb4000,0x00007faf260b5000)]
  0x00007faf5c08c800 JavaThread "Finalizer" daemon [_thread_blocked, id=23569, stack(0x00007faf268c8000,0x00007faf269c9000)]
  0x00007faf5c088000 JavaThread "Reference Handler" daemon [_thread_blocked, id=23568, stack(0x00007faf269c9000,0x00007faf26aca000)]
  0x00007faf5c00a000 JavaThread "main" [_thread_blocked, id=23558, stack(0x00007faf628ff000,0x00007faf62a00000)]

Other Threads:
=>0x00007faf5c080800 VMThread [stack: 0x00007faf26aca000,0x00007faf26bcb000] [id=23567]
  0x00007faf5c0c8000 WatcherThread [stack: 0x00007faf259ae000,0x00007faf25aaf000] [id=23576]

VM state:at safepoint (normal execution)

VM Mutex/Monitor currently owned by a thread:  ([mutex/lock_event])
[0x00007faf5c0061b0] ExpandHeap_lock - owner thread: 0x00007faf5c080800
[0x00007faf5c006830] Threads_lock - owner thread: 0x00007faf5c080800
[0x00007faf5c006d30] Heap_lock - owner thread: 0x00007faf5c1ea800

Heap:
 PSYoungGen      total 232960K, used 0K [0x00000000eab00000, 0x0000000100000000, 0x0000000100000000)
  eden space 116736K, 0% used [0x00000000eab00000,0x00000000eab00000,0x00000000f1d00000)
  from space 116224K, 0% used [0x00000000f1d00000,0x00000000f1d00000,0x00000000f8e80000)
  to   space 116224K, 0% used [0x00000000f8e80000,0x00000000f8e80000,0x0000000100000000)
 ParOldGen       total 275456K, used 198121K [0x00000000c0000000, 0x00000000d0d00000, 0x00000000eab00000)
  object space 275456K, 71% used [0x00000000c0000000,0x00000000cc17a5c0,0x00000000d0d00000)
 Metaspace       used 6056K, capacity 7024K, committed 7296K, reserved 1056768K
  class space    used 586K, capacity 616K, committed 640K, reserved 1048576K

Card table byte_map: [0x00007faf4bdcc000,0x00007faf4bfcd000] byte_map_base: 0x00007faf4b7cc000

Marking Bits: (ParMarkBitMap*) 0x00007faf61bdd000
 Begin Bits: [0x00007faf4946e000, 0x00007faf4a46e000)
 End Bits:   [0x00007faf4a46e000, 0x00007faf4b46e000)

Polling page: 0x00007faf62a2e000

CodeCache: size=245760Kb used=6907Kb max_used=6907Kb free=238852Kb
 bounds [0x00007faf4c38d000, 0x00007faf4ca5d000, 0x00007faf5b38d000]
 total_blobs=1941 nmethods=1675 adapters=181
 compilation: enabled

Compilation events (10 events):
Event: 89,493 Thread 0x00007faf5c0c1000 1851       2       com.android.dx.cf.direct.DirectClassFile::makeTypeList (47 bytes)
Event: 89,493 Thread 0x00007faf5c0c1000 nmethod 1851 0x00007faf4ca35890 code [0x00007faf4ca35a20, 0x00007faf4ca35cd8]
Event: 89,716 Thread 0x00007faf5c0c1000 1873       2       java.util.Arrays::rangeCheck (74 bytes)
Event: 89,716 Thread 0x00007faf5c0c1000 nmethod 1873 0x00007faf4ca22690 code [0x00007faf4ca22880, 0x00007faf4ca22e28]
Event: 89,774 Thread 0x00007faf5c0c1000 1877       3       com.android.dx.ssa.back.FirstFitLocalCombiningAllocator::handleCheckCastResults (413 bytes)
Event: 89,777 Thread 0x00007faf5c0c1000 nmethod 1877 0x00007faf4ca4f210 code [0x00007faf4ca4f7c0, 0x00007faf4ca53438]
Event: 89,830 Thread 0x00007faf5c0c1000 1883       2       java.util.concurrent.FutureTask::finishCompletion (74 bytes)
Event: 89,831 Thread 0x00007faf5c0c1000 nmethod 1883 0x00007faf4ca35190 code [0x00007faf4ca35320, 0x00007faf4ca35648]
Event: 89,831 Thread 0x00007faf5c0c1000 1884       2       java.util.concurrent.FutureTask::done (1 bytes)
Event: 89,831 Thread 0x00007faf5c0c1000 nmethod 1884 0x00007faf4ca22390 code [0x00007faf4ca224e0, 0x00007faf4ca22630]

GC Heap History (10 events):
Event: 8,800 GC heap after
Heap after GC invocations=12 (full 2):
 PSYoungGen      total 235520K, used 64799K [0x00000000eab00000, 0x0000000100000000, 0x0000000100000000)
  eden space 126976K, 0% used [0x00000000eab00000,0x00000000eab00000,0x00000000f2700000)
  from space 108544K, 59% used [0x00000000f9600000,0x00000000fd547e90,0x0000000100000000)
  to   space 111104K, 0% used [0x00000000f2700000,0x00000000f2700000,0x00000000f9380000)
 ParOldGen       total 252928K, used 191037K [0x00000000c0000000, 0x00000000cf700000, 0x00000000eab00000)
  object space 252928K, 75% used [0x00000000c0000000,0x00000000cba8f538,0x00000000cf700000)
 Metaspace       used 6045K, capacity 7024K, committed 7296K, reserved 1056768K
  class space    used 586K, capacity 616K, committed 640K, reserved 1048576K
}
Event: 11,857 GC heap before
{Heap before GC invocations=13 (full 2):
 PSYoungGen      total 235520K, used 191775K [0x00000000eab00000, 0x0000000100000000, 0x0000000100000000)
  eden space 126976K, 100% used [0x00000000eab00000,0x00000000f2700000,0x00000000f2700000)
  from space 108544K, 59% used [0x00000000f9600000,0x00000000fd547e90,0x0000000100000000)
  to   space 111104K, 0% used [0x00000000f2700000,0x00000000f2700000,0x00000000f9380000)
 ParOldGen       total 252928K, used 191037K [0x00000000c0000000, 0x00000000cf700000, 0x00000000eab00000)
  object space 252928K, 75% used [0x00000000c0000000,0x00000000cba8f538,0x00000000cf700000)
 Metaspace       used 6052K, capacity 7024K, committed 7296K, reserved 1056768K
  class space    used 586K, capacity 616K, committed 640K, reserved 1048576K
Event: 26,490 GC heap after
Heap after GC invocations=13 (full 2):
 PSYoungGen      total 208896K, used 81444K [0x00000000eab00000, 0x0000000100000000, 0x0000000100000000)
  eden space 126976K, 0% used [0x00000000eab00000,0x00000000eab00000,0x00000000f2700000)
  from space 81920K, 99% used [0x00000000f2700000,0x00000000f76892c8,0x00000000f7700000)
  to   space 116224K, 0% used [0x00000000f8e80000,0x00000000f8e80000,0x0000000100000000)
 ParOldGen       total 252928K, used 252858K [0x00000000c0000000, 0x00000000cf700000, 0x00000000eab00000)
  object space 252928K, 99% used [0x00000000c0000000,0x00000000cf6eebd0,0x00000000cf700000)
 Metaspace       used 6052K, capacity 7024K, committed 7296K, reserved 1056768K
  class space    used 586K, capacity 616K, committed 640K, reserved 1048576K
}
Event: 42,680 GC heap before
{Heap before GC invocations=14 (full 3):
 PSYoungGen      total 208896K, used 81444K [0x00000000eab00000, 0x0000000100000000, 0x0000000100000000)
  eden space 126976K, 0% used [0x00000000eab00000,0x00000000eab00000,0x00000000f2700000)
  from space 81920K, 99% used [0x00000000f2700000,0x00000000f76892c8,0x00000000f7700000)
  to   space 116224K, 0% used [0x00000000f8e80000,0x00000000f8e80000,0x0000000100000000)
 ParOldGen       total 252928K, used 252858K [0x00000000c0000000, 0x00000000cf700000, 0x00000000eab00000)
  object space 252928K, 99% used [0x00000000c0000000,0x00000000cf6eebd0,0x00000000cf700000)
 Metaspace       used 6052K, capacity 7024K, committed 7296K, reserved 1056768K
  class space    used 586K, capacity 616K, committed 640K, reserved 1048576K
Event: 89,484 GC heap after
Heap after GC invocations=14 (full 3):
 PSYoungGen      total 208896K, used 0K [0x00000000eab00000, 0x0000000100000000, 0x0000000100000000)
  eden space 126976K, 0% used [0x00000000eab00000,0x00000000eab00000,0x00000000f2700000)
  from space 81920K, 0% used [0x00000000f2700000,0x00000000f2700000,0x00000000f7700000)
  to   space 116224K, 0% used [0x00000000f8e80000,0x00000000f8e80000,0x0000000100000000)
 ParOldGen       total 266240K, used 125109K [0x00000000c0000000, 0x00000000d0400000, 0x00000000eab00000)
  object space 266240K, 46% used [0x00000000c0000000,0x00000000c7a2d4f8,0x00000000d0400000)
 Metaspace       used 6052K, capacity 7024K, committed 7296K, reserved 1056768K
  class space    used 586K, capacity 616K, committed 640K, reserved 1048576K
}
Event: 89,570 GC heap before
{Heap before GC invocations=15 (full 3):
 PSYoungGen      total 208896K, used 126976K [0x00000000eab00000, 0x0000000100000000, 0x0000000100000000)
  eden space 126976K, 100% used [0x00000000eab00000,0x00000000f2700000,0x00000000f2700000)
  from space 81920K, 0% used [0x00000000f2700000,0x00000000f2700000,0x00000000f7700000)
  to   space 116224K, 0% used [0x00000000f8e80000,0x00000000f8e80000,0x0000000100000000)
 ParOldGen       total 266240K, used 186085K [0x00000000c0000000, 0x00000000d0400000, 0x00000000eab00000)
  object space 266240K, 69% used [0x00000000c0000000,0x00000000cb5b9598,0x00000000d0400000)
 Metaspace       used 6054K, capacity 7024K, committed 7296K, reserved 1056768K
  class space    used 586K, capacity 616K, committed 640K, reserved 1048576K
Event: 89,621 GC heap after
Heap after GC invocations=15 (full 3):
 PSYoungGen      total 232960K, used 85021K [0x00000000eab00000, 0x0000000100000000, 0x0000000100000000)
  eden space 116736K, 0% used [0x00000000eab00000,0x00000000eab00000,0x00000000f1d00000)
  from space 116224K, 73% used [0x00000000f8e80000,0x00000000fe187768,0x0000000100000000)
  to   space 116224K, 0% used [0x00000000f1d00000,0x00000000f1d00000,0x00000000f8e80000)
 ParOldGen       total 266240K, used 186093K [0x00000000c0000000, 0x00000000d0400000, 0x00000000eab00000)
  object space 266240K, 69% used [0x00000000c0000000,0x00000000cb5bb598,0x00000000d0400000)
 Metaspace       used 6054K, capacity 7024K, committed 7296K, reserved 1056768K
  class space    used 586K, capacity 616K, committed 640K, reserved 1048576K
}
Event: 89,867 GC heap before
{Heap before GC invocations=16 (full 3):
 PSYoungGen      total 232960K, used 201757K [0x00000000eab00000, 0x0000000100000000, 0x0000000100000000)
  eden space 116736K, 100% used [0x00000000eab00000,0x00000000f1d00000,0x00000000f1d00000)
  from space 116224K, 73% used [0x00000000f8e80000,0x00000000fe187768,0x0000000100000000)
  to   space 116224K, 0% used [0x00000000f1d00000,0x00000000f1d00000,0x00000000f8e80000)
 ParOldGen       total 266240K, used 186113K [0x00000000c0000000, 0x00000000d0400000, 0x00000000eab00000)
  object space 266240K, 69% used [0x00000000c0000000,0x00000000cb5c05d8,0x00000000d0400000)
 Metaspace       used 6056K, capacity 7024K, committed 7296K, reserved 1056768K
  class space    used 586K, capacity 616K, committed 640K, reserved 1048576K
Event: 89,923 GC heap after
Heap after GC invocations=16 (full 3):
 PSYoungGen      total 232960K, used 26123K [0x00000000eab00000, 0x0000000100000000, 0x0000000100000000)
  eden space 116736K, 0% used [0x00000000eab00000,0x00000000eab00000,0x00000000f1d00000)
  from space 116224K, 22% used [0x00000000f1d00000,0x00000000f3682e30,0x00000000f8e80000)
  to   space 116224K, 0% used [0x00000000f8e80000,0x00000000f8e80000,0x0000000100000000)
 ParOldGen       total 275456K, used 274783K [0x00000000c0000000, 0x00000000d0d00000, 0x00000000eab00000)
  object space 275456K, 99% used [0x00000000c0000000,0x00000000d0c57d40,0x00000000d0d00000)
 Metaspace       used 6056K, capacity 7024K, committed 7296K, reserved 1056768K
  class space    used 586K, capacity 616K, committed 640K, reserved 1048576K
}
Event: 89,923 GC heap before
{Heap before GC invocations=17 (full 4):
 PSYoungGen      total 232960K, used 26123K [0x00000000eab00000, 0x0000000100000000, 0x0000000100000000)
  eden space 116736K, 0% used [0x00000000eab00000,0x00000000eab00000,0x00000000f1d00000)
  from space 116224K, 22% used [0x00000000f1d00000,0x00000000f3682e30,0x00000000f8e80000)
  to   space 116224K, 0% used [0x00000000f8e80000,0x00000000f8e80000,0x0000000100000000)
 ParOldGen       total 275456K, used 274783K [0x00000000c0000000, 0x00000000d0d00000, 0x00000000eab00000)
  object space 275456K, 99% used [0x00000000c0000000,0x00000000d0c57d40,0x00000000d0d00000)
 Metaspace       used 6056K, capacity 7024K, committed 7296K, reserved 1056768K
  class space    used 586K, capacity 616K, committed 640K, reserved 1048576K

Deoptimization events (10 events):
Event: 1,909 Thread 0x00007faf5c1fb000 Uncommon trap: reason=unstable_if action=reinterpret pc=0x00007faf4c6df96c method=java.util.HashMap.getNode(ILjava/lang/Object;)Ljava/util/HashMap$Node; @ 84
Event: 1,916 Thread 0x00007faf5c1fb000 Uncommon trap: reason=unstable_if action=reinterpret pc=0x00007faf4c812140 method=java.util.HashMap.getNode(ILjava/lang/Object;)Ljava/util/HashMap$Node; @ 84
Event: 2,494 Thread 0x00007faf5c1fb000 Uncommon trap: reason=unstable_if action=reinterpret pc=0x00007faf4c7af6d0 method=java.util.HashMap.putVal(ILjava/lang/Object;Ljava/lang/Object;ZZ)Ljava/lang/Object; @ 162
Event: 6,549 Thread 0x00007faf5c1ea800 Uncommon trap: reason=unstable_if action=reinterpret pc=0x00007faf4c66ba3c method=com.android.dx.ssa.SetFactory.makeLivenessSet(I)Lcom/android/dx/util/IntSet; @ 4
Event: 6,549 Thread 0x00007faf5c1ea800 Uncommon trap: reason=unstable_if action=reinterpret pc=0x00007faf4c69d628 method=com.android.dx.ssa.SetFactory.makeLivenessSet(I)Lcom/android/dx/util/IntSet; @ 4
Event: 6,595 Thread 0x00007faf5c1ea800 Uncommon trap: reason=class_check action=maybe_recompile pc=0x00007faf4c6693d0 method=com.android.dx.ssa.back.InterferenceGraph.add(II)V @ 19
Event: 6,595 Thread 0x00007faf5c1ea800 Uncommon trap: reason=class_check action=maybe_recompile pc=0x00007faf4c6693d0 method=com.android.dx.ssa.back.InterferenceGraph.add(II)V @ 19
Event: 6,595 Thread 0x00007faf5c1ea800 Uncommon trap: reason=class_check action=maybe_recompile pc=0x00007faf4c6693d0 method=com.android.dx.ssa.back.InterferenceGraph.add(II)V @ 19
Event: 6,595 Thread 0x00007faf5c1ea800 Uncommon trap: reason=class_check action=maybe_recompile pc=0x00007faf4c6693d0 method=com.android.dx.ssa.back.InterferenceGraph.add(II)V @ 19
Event: 7,175 Thread 0x00007faf5c1ea800 Uncommon trap: reason=unstable_if action=reinterpret pc=0x00007faf4c75607c method=com.android.dx.util.BitIntSet.has(I)Z @ 8

Internal exceptions (8 events):
Event: 0,053 Thread 0x00007faf5c00a000 Exception <a 'java/lang/NoSuchMethodError': Method sun.misc.Unsafe.defineClass(Ljava/lang/String;[BII)Ljava/lang/Class; name or signature does not match> (0x00000000eab07cc0) thrown at [/build/openjdk-8-VN6Zir/openjdk-8-8u91-b14/src/hotspot/src/share/vm/p
Event: 0,053 Thread 0x00007faf5c00a000 Exception <a 'java/lang/NoSuchMethodError': Method sun.misc.Unsafe.prefetchRead(Ljava/lang/Object;J)V name or signature does not match> (0x00000000eab07fa8) thrown at [/build/openjdk-8-VN6Zir/openjdk-8-8u91-b14/src/hotspot/src/share/vm/prims/jni.cpp, line
Event: 0,261 Thread 0x00007faf5c00a000 Exception <a 'java/util/zip/ZipException'> (0x00000000eab59b58) thrown at [/build/openjdk-8-VN6Zir/openjdk-8-8u91-b14/src/hotspot/src/share/vm/prims/jni.cpp, line 709]
Event: 0,261 Thread 0x00007faf5c00a000 Exception <a 'java/security/PrivilegedActionException'> (0x00000000eab59df8) thrown at [/build/openjdk-8-VN6Zir/openjdk-8-8u91-b14/src/hotspot/src/share/vm/prims/jvm.cpp, line 1386]
Event: 0,261 Thread 0x00007faf5c00a000 Exception <a 'java/security/PrivilegedActionException'> (0x00000000eab5a008) thrown at [/build/openjdk-8-VN6Zir/openjdk-8-8u91-b14/src/hotspot/src/share/vm/prims/jvm.cpp, line 1386]
Event: 1,900 Thread 0x00007faf5c1ea800 Exception <a 'java/lang/ArrayIndexOutOfBoundsException': 18> (0x00000000ec785610) thrown at [/build/openjdk-8-VN6Zir/openjdk-8-8u91-b14/src/hotspot/src/share/vm/interpreter/interpreterRuntime.cpp, line 366]
Event: 1,901 Thread 0x00007faf5c1ea800 Exception <a 'java/lang/ArrayIndexOutOfBoundsException': 145> (0x00000000ec787190) thrown at [/build/openjdk-8-VN6Zir/openjdk-8-8u91-b14/src/hotspot/src/share/vm/interpreter/interpreterRuntime.cpp, line 366]
Event: 1,901 Thread 0x00007faf5c1ea800 Exception <a 'java/lang/ArrayIndexOutOfBoundsException': 40> (0x00000000ec788478) thrown at [/build/openjdk-8-VN6Zir/openjdk-8-8u91-b14/src/hotspot/src/share/vm/interpreter/interpreterRuntime.cpp, line 366]

Events (10 events):
Event: 89,713 Thread 0x00007faf5c1ea800 DEOPT UNPACKING pc=0x00007faf4c3d4373 sp=0x00007faf25761f08 mode 0
Event: 89,715 Thread 0x00007faf5c1fb000 DEOPT PACKING pc=0x00007faf4c801211 sp=0x00007faf25560140
Event: 89,715 Thread 0x00007faf5c1fb000 DEOPT UNPACKING pc=0x00007faf4c3d4373 sp=0x00007faf2555fef8 mode 0
Event: 89,774 Thread 0x00007faf5c1e7000 DEOPT PACKING pc=0x00007faf4c8e08f7 sp=0x00007faf25964110
Event: 89,774 Thread 0x00007faf5c1e7000 DEOPT UNPACKING pc=0x00007faf4c3d4373 sp=0x00007faf25963ef0 mode 0
Event: 89,813 Thread 0x00007faf5c1e7000 DEOPT PACKING pc=0x00007faf4c70c02b sp=0x00007faf25964080
Event: 89,813 Thread 0x00007faf5c1e7000 DEOPT UNPACKING pc=0x00007faf4c3d4373 sp=0x00007faf25963dc0 mode 0
Event: 89,828 Thread 0x00007faf5c1e7000 DEOPT PACKING pc=0x00007faf4c70362f sp=0x00007faf259641d0
Event: 89,828 Thread 0x00007faf5c1e7000 DEOPT UNPACKING pc=0x00007faf4c3d4373 sp=0x00007faf25963f90 mode 0
Event: 89,867 Executing VM operation: ParallelGCFailedAllocation


Dynamic libraries:
00400000-00401000 r-xp 00000000 08:05 1573964                            /usr/lib/jvm/java-8-openjdk-amd64/jre/bin/java
00600000-00601000 r--p 00000000 08:05 1573964                            /usr/lib/jvm/java-8-openjdk-amd64/jre/bin/java
00601000-00602000 rw-p 00001000 08:05 1573964                            /usr/lib/jvm/java-8-openjdk-amd64/jre/bin/java
01d96000-01db7000 rw-p 00000000 00:00 0                                  [heap]
c0000000-d0d00000 rw-p 00000000 00:00 0 
d7780000-eab00000 ---p 00000000 00:00 0 
eab00000-100000000 rw-p 00000000 00:00 0 
100000000-1000a0000 rw-p 00000000 00:00 0 
1000a0000-140000000 ---p 00000000 00:00 0 
7faee8000000-7faee8021000 rw-p 00000000 00:00 0 
7faee8021000-7faeec000000 ---p 00000000 00:00 0 
7faeec000000-7faeec033000 rw-p 00000000 00:00 0 
7faeec033000-7faef0000000 ---p 00000000 00:00 0 
7faef0000000-7faef0021000 rw-p 00000000 00:00 0 
7faef0021000-7faef4000000 ---p 00000000 00:00 0 
7faef4000000-7faef402e000 rw-p 00000000 00:00 0 
7faef402e000-7faef8000000 ---p 00000000 00:00 0 
7faef8000000-7faef8021000 rw-p 00000000 00:00 0 
7faef8021000-7faefc000000 ---p 00000000 00:00 0 
7faefc000000-7faefc03f000 rw-p 00000000 00:00 0 
7faefc03f000-7faf00000000 ---p 00000000 00:00 0 
7faf00000000-7faf007f0000 rw-p 00000000 00:00 0 
7faf007f0000-7faf04000000 ---p 00000000 00:00 0 
7faf04000000-7faf04021000 rw-p 00000000 00:00 0 
7faf04021000-7faf08000000 ---p 00000000 00:00 0 
7faf08000000-7faf092bf000 rw-p 00000000 00:00 0 
7faf092bf000-7faf0c000000 ---p 00000000 00:00 0 
7faf0c000000-7faf0d670000 rw-p 00000000 00:00 0 
7faf0d670000-7faf10000000 ---p 00000000 00:00 0 
7faf10000000-7faf10021000 rw-p 00000000 00:00 0 
7faf10021000-7faf14000000 ---p 00000000 00:00 0 
7faf14000000-7faf15b4f000 rw-p 00000000 00:00 0 
7faf15b4f000-7faf18000000 ---p 00000000 00:00 0 
7faf18000000-7faf18021000 rw-p 00000000 00:00 0 
7faf18021000-7faf1c000000 ---p 00000000 00:00 0 
7faf1c000000-7faf1c021000 rw-p 00000000 00:00 0 
7faf1c021000-7faf20000000 ---p 00000000 00:00 0 
7faf20000000-7faf20032000 rw-p 00000000 00:00 0 
7faf20032000-7faf24000000 ---p 00000000 00:00 0 
7faf25461000-7faf25464000 ---p 00000000 00:00 0 
7faf25464000-7faf25562000 rw-p 00000000 00:00 0 
7faf25562000-7faf25565000 ---p 00000000 00:00 0 
7faf25565000-7faf25663000 rw-p 00000000 00:00 0 
7faf25663000-7faf25666000 ---p 00000000 00:00 0 
7faf25666000-7faf25764000 rw-p 00000000 00:00 0 
7faf25764000-7faf25767000 ---p 00000000 00:00 0 
7faf25767000-7faf25865000 rw-p 00000000 00:00 0 
7faf25865000-7faf25868000 ---p 00000000 00:00 0 
7faf25868000-7faf25966000 rw-p 00000000 00:00 0 
7faf25966000-7faf25977000 r--s 000bc000 00:2d 2113410                    /home/ksychoo/AndroidStudioProjects/KillingMonsters/app/build/intermediates/exploded-aar/com.google.android.gms/play-services-ads/9.4.0/jars/classes.jar
7faf25977000-7faf25992000 r--s 001d7000 08:05 1582955                    /usr/lib/jvm/java-8-openjdk-amd64/jre/lib/ext/nashorn.jar
7faf25992000-7faf259ae000 r--s 00393000 08:05 1583013                    /usr/lib/jvm/java-8-openjdk-amd64/jre/lib/ext/cldrdata.jar
7faf259ae000-7faf259af000 ---p 00000000 00:00 0 
7faf259af000-7faf25aaf000 rw-p 00000000 00:00 0 
7faf25aaf000-7faf25ab2000 ---p 00000000 00:00 0 
7faf25ab2000-7faf25bb0000 rw-p 00000000 00:00 0 
7faf25bb0000-7faf25bb3000 ---p 00000000 00:00 0 
7faf25bb3000-7faf25cb1000 rw-p 00000000 00:00 0 
7faf25cb1000-7faf25cb4000 ---p 00000000 00:00 0 
7faf25cb4000-7faf25db2000 rw-p 00000000 00:00 0 
7faf25db2000-7faf25db5000 ---p 00000000 00:00 0 
7faf25db5000-7faf25eb3000 rw-p 00000000 00:00 0 
7faf25eb3000-7faf25eb6000 ---p 00000000 00:00 0 
7faf25eb6000-7faf25fb4000 rw-p 00000000 00:00 0 
7faf25fb4000-7faf25fb7000 ---p 00000000 00:00 0 
7faf25fb7000-7faf260b5000 rw-p 00000000 00:00 0 
7faf260b5000-7faf268c8000 r--p 00000000 08:05 1581171                    /usr/lib/locale/locale-archive
7faf268c8000-7faf268cb000 ---p 00000000 00:00 0 
7faf268cb000-7faf269c9000 rw-p 00000000 00:00 0 
7faf269c9000-7faf269cc000 ---p 00000000 00:00 0 
7faf269cc000-7faf26aca000 rw-p 00000000 00:00 0 
7faf26aca000-7faf26acb000 ---p 00000000 00:00 0 
7faf26acb000-7faf28000000 rw-p 00000000 00:00 0 
7faf28000000-7faf28021000 rw-p 00000000 00:00 0 
7faf28021000-7faf2c000000 ---p 00000000 00:00 0 
7faf2c000000-7faf2c021000 rw-p 00000000 00:00 0 
7faf2c021000-7faf30000000 ---p 00000000 00:00 0 
7faf30000000-7faf30021000 rw-p 00000000 00:00 0 
7faf30021000-7faf34000000 ---p 00000000 00:00 0 
7faf34000000-7faf34021000 rw-p 00000000 00:00 0 
7faf34021000-7faf38000000 ---p 00000000 00:00 0 
7faf38000000-7faf38021000 rw-p 00000000 00:00 0 
7faf38021000-7faf3c000000 ---p 00000000 00:00 0 
7faf3c000000-7faf3c021000 rw-p 00000000 00:00 0 
7faf3c021000-7faf40000000 ---p 00000000 00:00 0 
7faf40000000-7faf40021000 rw-p 00000000 00:00 0 
7faf40021000-7faf44000000 ---p 00000000 00:00 0 
7faf44000000-7faf44021000 rw-p 00000000 00:00 0 
7faf44021000-7faf48000000 ---p 00000000 00:00 0 
7faf48001000-7faf48010000 r--s 000df000 00:2d 2623747                    /home/ksychoo/Android/Sdk/build-tools/23.0.3/lib/dx.jar
7faf48010000-7faf4882a000 rw-p 00000000 00:00 0 
7faf4882a000-7faf489f8000 r--s 03beb000 08:05 1582621                    /usr/lib/jvm/java-8-openjdk-amd64/jre/lib/rt.jar
7faf489f8000-7faf490ee000 rw-p 00000000 00:00 0 
7faf490ee000-7faf4926e000 ---p 00000000 00:00 0 
7faf4926e000-7faf4b46e000 rw-p 00000000 00:00 0 
7faf4b46e000-7faf4b46f000 ---p 00000000 00:00 0 
7faf4b46f000-7faf4b56f000 rw-p 00000000 00:00 0 
7faf4b56f000-7faf4b570000 ---p 00000000 00:00 0 
7faf4b570000-7faf4b670000 rw-p 00000000 00:00 0 
7faf4b670000-7faf4b671000 ---p 00000000 00:00 0 
7faf4b671000-7faf4b771000 rw-p 00000000 00:00 0 
7faf4b771000-7faf4b772000 ---p 00000000 00:00 0 
7faf4b772000-7faf4b872000 rw-p 00000000 00:00 0 
7faf4b872000-7faf4b873000 ---p 00000000 00:00 0 
7faf4b873000-7faf4b973000 rw-p 00000000 00:00 0 
7faf4b973000-7faf4b974000 ---p 00000000 00:00 0 
7faf4b974000-7faf4ba74000 rw-p 00000000 00:00 0 
7faf4ba74000-7faf4ba75000 ---p 00000000 00:00 0 
7faf4ba75000-7faf4bb75000 rw-p 00000000 00:00 0 
7faf4bb75000-7faf4bb76000 ---p 00000000 00:00 0 
7faf4bb76000-7faf4bcfd000 rw-p 00000000 00:00 0 
7faf4bcfd000-7faf4bdcc000 ---p 00000000 00:00 0 
7faf4bdcc000-7faf4be53000 rw-p 00000000 00:00 0 
7faf4be53000-7faf4bf21000 ---p 00000000 00:00 0 
7faf4bf21000-7faf4bfcc000 rw-p 00000000 00:00 0 
7faf4bfcc000-7faf4bfe9000 rw-p 00000000 00:00 0 
7faf4bfe9000-7faf4c38d000 ---p 00000000 00:00 0 
7faf4c38d000-7faf4ca5d000 rwxp 00000000 00:00 0 
7faf4ca5d000-7faf5b38d000 ---p 00000000 00:00 0 
7faf5b38d000-7faf5b395000 r-xp 00000000 08:05 1574220                    /usr/lib/jvm/java-8-openjdk-amd64/jre/lib/amd64/libzip.so
7faf5b395000-7faf5b594000 ---p 00008000 08:05 1574220                    /usr/lib/jvm/java-8-openjdk-amd64/jre/lib/amd64/libzip.so
7faf5b594000-7faf5b595000 r--p 00007000 08:05 1574220                    /usr/lib/jvm/java-8-openjdk-amd64/jre/lib/amd64/libzip.so
7faf5b595000-7faf5b596000 rw-p 00008000 08:05 1574220                    /usr/lib/jvm/java-8-openjdk-amd64/jre/lib/amd64/libzip.so
7faf5b596000-7faf5b5a0000 r-xp 00000000 08:05 917583                     /lib/x86_64-linux-gnu/libnss_files-2.21.so
7faf5b5a0000-7faf5b7a0000 ---p 0000a000 08:05 917583                     /lib/x86_64-linux-gnu/libnss_files-2.21.so
7faf5b7a0000-7faf5b7a1000 r--p 0000a000 08:05 917583                     /lib/x86_64-linux-gnu/libnss_files-2.21.so
7faf5b7a1000-7faf5b7a2000 rw-p 0000b000 08:05 917583                     /lib/x86_64-linux-gnu/libnss_files-2.21.so
7faf5b7a2000-7faf5b7ad000 r-xp 00000000 08:05 917688                     /lib/x86_64-linux-gnu/libnss_nis-2.21.so
7faf5b7ad000-7faf5b9ac000 ---p 0000b000 08:05 917688                     /lib/x86_64-linux-gnu/libnss_nis-2.21.so
7faf5b9ac000-7faf5b9ad000 r--p 0000a000 08:05 917688                     /lib/x86_64-linux-gnu/libnss_nis-2.21.so
7faf5b9ad000-7faf5b9ae000 rw-p 0000b000 08:05 917688                     /lib/x86_64-linux-gnu/libnss_nis-2.21.so
7faf5b9ae000-7faf5b9c5000 r-xp 00000000 08:05 917691                     /lib/x86_64-linux-gnu/libnsl-2.21.so
7faf5b9c5000-7faf5bbc4000 ---p 00017000 08:05 917691                     /lib/x86_64-linux-gnu/libnsl-2.21.so
7faf5bbc4000-7faf5bbc5000 r--p 00016000 08:05 917691                     /lib/x86_64-linux-gnu/libnsl-2.21.so
7faf5bbc5000-7faf5bbc6000 rw-p 00017000 08:05 917691                     /lib/x86_64-linux-gnu/libnsl-2.21.so
7faf5bbc6000-7faf5bbc8000 rw-p 00000000 00:00 0 
7faf5bbc8000-7faf5bbd0000 r-xp 00000000 08:05 917672                     /lib/x86_64-linux-gnu/libnss_compat-2.21.so
7faf5bbd0000-7faf5bdcf000 ---p 00008000 08:05 917672                     /lib/x86_64-linux-gnu/libnss_compat-2.21.so
7faf5bdcf000-7faf5bdd0000 r--p 00007000 08:05 917672                     /lib/x86_64-linux-gnu/libnss_compat-2.21.so
7faf5bdd0000-7faf5bdd1000 rw-p 00008000 08:05 917672                     /lib/x86_64-linux-gnu/libnss_compat-2.21.so
7faf5bdd1000-7faf5bdfe000 r-xp 00000000 08:05 1574096                    /usr/lib/jvm/java-8-openjdk-amd64/jre/lib/amd64/libjava.so
7faf5bdfe000-7faf5bffd000 ---p 0002d000 08:05 1574096                    /usr/lib/jvm/java-8-openjdk-amd64/jre/lib/amd64/libjava.so
7faf5bffd000-7faf5bffe000 r--p 0002c000 08:05 1574096                    /usr/lib/jvm/java-8-openjdk-amd64/jre/lib/amd64/libjava.so
7faf5bffe000-7faf5c000000 rw-p 0002d000 08:05 1574096                    /usr/lib/jvm/java-8-openjdk-amd64/jre/lib/amd64/libjava.so
7faf5c000000-7faf5c287000 rw-p 00000000 00:00 0 
7faf5c287000-7faf60000000 ---p 00000000 00:00 0 
7faf60003000-7faf60005000 r--s 00001000 08:05 1583012                    /usr/lib/jvm/java-8-openjdk-amd64/jre/lib/ext/dnsns.jar
7faf60005000-7faf60008000 r--s 0000f000 08:05 1583267                    /usr/lib/jvm/java-8-openjdk-amd64/jre/lib/ext/icedtea-sound.jar
7faf60008000-7faf6000d000 r--s 0003b000 08:05 1583222                    /usr/lib/jvm/java-8-openjdk-amd64/jre/lib/ext/sunjce_provider.jar
7faf6000d000-7faf6001c000 r-xp 00000000 08:05 1574120                    /usr/lib/jvm/java-8-openjdk-amd64/jre/lib/amd64/libverify.so
7faf6001c000-7faf6021b000 ---p 0000f000 08:05 1574120                    /usr/lib/jvm/java-8-openjdk-amd64/jre/lib/amd64/libverify.so
7faf6021b000-7faf6021d000 r--p 0000e000 08:05 1574120                    /usr/lib/jvm/java-8-openjdk-amd64/jre/lib/amd64/libverify.so
7faf6021d000-7faf6021e000 rw-p 00010000 08:05 1574120                    /usr/lib/jvm/java-8-openjdk-amd64/jre/lib/amd64/libverify.so
7faf6021e000-7faf60225000 r-xp 00000000 08:05 917614                     /lib/x86_64-linux-gnu/librt-2.21.so
7faf60225000-7faf60424000 ---p 00007000 08:05 917614                     /lib/x86_64-linux-gnu/librt-2.21.so
7faf60424000-7faf60425000 r--p 00006000 08:05 917614                     /lib/x86_64-linux-gnu/librt-2.21.so
7faf60425000-7faf60426000 rw-p 00007000 08:05 917614                     /lib/x86_64-linux-gnu/librt-2.21.so
7faf60426000-7faf6043c000 r-xp 00000000 08:05 921917                     /lib/x86_64-linux-gnu/libgcc_s.so.1
7faf6043c000-7faf6063b000 ---p 00016000 08:05 921917                     /lib/x86_64-linux-gnu/libgcc_s.so.1
7faf6063b000-7faf6063c000 r--p 00015000 08:05 921917                     /lib/x86_64-linux-gnu/libgcc_s.so.1
7faf6063c000-7faf6063d000 rw-p 00016000 08:05 921917                     /lib/x86_64-linux-gnu/libgcc_s.so.1
7faf6063d000-7faf60744000 r-xp 00000000 08:05 917673                     /lib/x86_64-linux-gnu/libm-2.21.so
7faf60744000-7faf60943000 ---p 00107000 08:05 917673                     /lib/x86_64-linux-gnu/libm-2.21.so
7faf60943000-7faf60944000 r--p 00106000 08:05 917673                     /lib/x86_64-linux-gnu/libm-2.21.so
7faf60944000-7faf60945000 rw-p 00107000 08:05 917673                     /lib/x86_64-linux-gnu/libm-2.21.so
7faf60945000-7faf60ab8000 r-xp 00000000 08:05 1578698                    /usr/lib/x86_64-linux-gnu/libstdc++.so.6.0.21
7faf60ab8000-7faf60cb7000 ---p 00173000 08:05 1578698                    /usr/lib/x86_64-linux-gnu/libstdc++.so.6.0.21
7faf60cb7000-7faf60cc1000 r--p 00172000 08:05 1578698                    /usr/lib/x86_64-linux-gnu/libstdc++.so.6.0.21
7faf60cc1000-7faf60cc3000 rw-p 0017c000 08:05 1578698                    /usr/lib/x86_64-linux-gnu/libstdc++.so.6.0.21
7faf60cc3000-7faf60cc7000 rw-p 00000000 00:00 0 
7faf60cc7000-7faf6190e000 r-xp 00000000 08:05 1574189                    /usr/lib/jvm/java-8-openjdk-amd64/jre/lib/amd64/server/libjvm.so
7faf6190e000-7faf61b0e000 ---p 00c47000 08:05 1574189                    /usr/lib/jvm/java-8-openjdk-amd64/jre/lib/amd64/server/libjvm.so
7faf61b0e000-7faf61ba1000 r--p 00c47000 08:05 1574189                    /usr/lib/jvm/java-8-openjdk-amd64/jre/lib/amd64/server/libjvm.so
7faf61ba1000-7faf61bc9000 rw-p 00cda000 08:05 1574189                    /usr/lib/jvm/java-8-openjdk-amd64/jre/lib/amd64/server/libjvm.so
7faf61bc9000-7faf61bf9000 rw-p 00000000 00:00 0 
7faf61bf9000-7faf61c11000 r-xp 00000000 08:05 917674                     /lib/x86_64-linux-gnu/libpthread-2.21.so
7faf61c11000-7faf61e11000 ---p 00018000 08:05 917674                     /lib/x86_64-linux-gnu/libpthread-2.21.so
7faf61e11000-7faf61e12000 r--p 00018000 08:05 917674                     /lib/x86_64-linux-gnu/libpthread-2.21.so
7faf61e12000-7faf61e13000 rw-p 00019000 08:05 917674                     /lib/x86_64-linux-gnu/libpthread-2.21.so
7faf61e13000-7faf61e17000 rw-p 00000000 00:00 0 
7faf61e17000-7faf61e1a000 r-xp 00000000 08:05 917677                     /lib/x86_64-linux-gnu/libdl-2.21.so
7faf61e1a000-7faf62019000 ---p 00003000 08:05 917677                     /lib/x86_64-linux-gnu/libdl-2.21.so
7faf62019000-7faf6201a000 r--p 00002000 08:05 917677                     /lib/x86_64-linux-gnu/libdl-2.21.so
7faf6201a000-7faf6201b000 rw-p 00003000 08:05 917677                     /lib/x86_64-linux-gnu/libdl-2.21.so
7faf6201b000-7faf62034000 r-xp 00000000 08:05 917579                     /lib/x86_64-linux-gnu/libz.so.1.2.8
7faf62034000-7faf62233000 ---p 00019000 08:05 917579                     /lib/x86_64-linux-gnu/libz.so.1.2.8
7faf62233000-7faf62234000 r--p 00018000 08:05 917579                     /lib/x86_64-linux-gnu/libz.so.1.2.8
7faf62234000-7faf62235000 rw-p 00019000 08:05 917579                     /lib/x86_64-linux-gnu/libz.so.1.2.8
7faf62235000-7faf623f5000 r-xp 00000000 08:05 917694                     /lib/x86_64-linux-gnu/libc-2.21.so
7faf623f5000-7faf625f5000 ---p 001c0000 08:05 917694                     /lib/x86_64-linux-gnu/libc-2.21.so
7faf625f5000-7faf625f9000 r--p 001c0000 08:05 917694                     /lib/x86_64-linux-gnu/libc-2.21.so
7faf625f9000-7faf625fb000 rw-p 001c4000 08:05 917694                     /lib/x86_64-linux-gnu/libc-2.21.so
7faf625fb000-7faf625ff000 rw-p 00000000 00:00 0 
7faf625ff000-7faf6260c000 r-xp 00000000 08:05 1578816                    /usr/lib/jvm/java-8-openjdk-amd64/jre/lib/amd64/jli/libjli.so
7faf6260c000-7faf6280c000 ---p 0000d000 08:05 1578816                    /usr/lib/jvm/java-8-openjdk-amd64/jre/lib/amd64/jli/libjli.so
7faf6280c000-7faf6280d000 r--p 0000d000 08:05 1578816                    /usr/lib/jvm/java-8-openjdk-amd64/jre/lib/amd64/jli/libjli.so
7faf6280d000-7faf6280e000 rw-p 0000e000 08:05 1578816                    /usr/lib/jvm/java-8-openjdk-amd64/jre/lib/amd64/jli/libjli.so
7faf6280e000-7faf62832000 r-xp 00000000 08:05 917692                     /lib/x86_64-linux-gnu/ld-2.21.so
7faf62832000-7faf62833000 rw-p 00000000 00:00 0 
7faf62833000-7faf62835000 r--s 00007000 08:05 1970372                    /usr/share/java/java-atk-wrapper.jar
7faf62835000-7faf62836000 r--s 00008000 08:05 1583015                    /usr/lib/jvm/java-8-openjdk-amd64/jre/lib/ext/sunec.jar
7faf62836000-7faf6283a000 r--s 00037000 08:05 1583290                    /usr/lib/jvm/java-8-openjdk-amd64/jre/lib/ext/sunpkcs11.jar
7faf6283a000-7faf628ff000 rw-p 00000000 00:00 0 
7faf628ff000-7faf62902000 ---p 00000000 00:00 0 
7faf62902000-7faf62a05000 rw-p 00000000 00:00 0 
7faf62a05000-7faf62a06000 r--s 0000a000 08:05 1583158                    /usr/lib/jvm/java-8-openjdk-amd64/jre/lib/ext/jaccess.jar
7faf62a06000-7faf62a07000 r--s 00010000 08:05 1583159                    /usr/lib/jvm/java-8-openjdk-amd64/jre/lib/ext/zipfs.jar
7faf62a07000-7faf62a11000 r--s 00116000 08:05 1583268                    /usr/lib/jvm/java-8-openjdk-amd64/jre/lib/ext/localedata.jar
7faf62a11000-7faf62a25000 rw-p 00000000 00:00 0 
7faf62a25000-7faf62a2d000 rw-s 00000000 08:05 655481                     /tmp/hsperfdata_ksychoo/23553
7faf62a2d000-7faf62a2e000 rw-p 00000000 00:00 0 
7faf62a2e000-7faf62a2f000 ---p 00000000 00:00 0 
7faf62a2f000-7faf62a31000 rw-p 00000000 00:00 0 
7faf62a31000-7faf62a32000 r--p 00023000 08:05 917692                     /lib/x86_64-linux-gnu/ld-2.21.so
7faf62a32000-7faf62a33000 rw-p 00024000 08:05 917692                     /lib/x86_64-linux-gnu/ld-2.21.so
7faf62a33000-7faf62a34000 rw-p 00000000 00:00 0 
7ffcbd98c000-7ffcbd9ad000 rw-p 00000000 00:00 0                          [stack]
7ffcbd9cd000-7ffcbd9cf000 r--p 00000000 00:00 0                          [vvar]
7ffcbd9cf000-7ffcbd9d1000 r-xp 00000000 00:00 0                          [vdso]
ffffffffff600000-ffffffffff601000 r-xp 00000000 00:00 0                  [vsyscall]

VM Arguments:
jvm_args: -Djava.awt.headless=true -Xmx1024M -Dfile.encoding=UTF-8 -Duser.country=US -Duser.language=en -Duser.variant 
java_command: com.android.dx.command.Main --dex --force-jumbo --num-threads=4 --multi-dex --output /home/ksychoo/AndroidStudioProjects/KillingMonsters/app/build/intermediates/transforms/dex/debug/folders/1000/10/com.google.android.gms-play-services-ads-9.4.0_e341d5a4b01b08d8ffc9daa7c71dfc8d4a74ac60 /home/ksychoo/AndroidStudioProjects/KillingMonsters/app/build/intermediates/exploded-aar/com.google.android.gms/play-services-ads/9.4.0/jars/classes.jar
java_class_path (initial): /home/ksychoo/Android/Sdk/build-tools/23.0.3/lib/dx.jar
Launcher Type: SUN_STANDARD

Environment Variables:
PATH=/usr/local/sbin:/usr/local/bin:/usr/sbin:/usr/bin:/sbin:/bin:/usr/games:/usr/local/games
SHELL=/bin/bash
DISPLAY=:0

Signal Handlers:
SIGSEGV: [libjvm.so+0xa5fbc0], sa_mask[0]=11111111011111111101111111111110, sa_flags=SA_RESTART|SA_SIGINFO
SIGBUS: [libjvm.so+0xa5fbc0], sa_mask[0]=11111111011111111101111111111110, sa_flags=SA_RESTART|SA_SIGINFO
SIGFPE: [libjvm.so+0x8aaed0], sa_mask[0]=11111111011111111101111111111110, sa_flags=SA_RESTART|SA_SIGINFO
SIGPIPE: [libjvm.so+0x8aaed0], sa_mask[0]=11111111011111111101111111111110, sa_flags=SA_RESTART|SA_SIGINFO
SIGXFSZ: [libjvm.so+0x8aaed0], sa_mask[0]=11111111011111111101111111111110, sa_flags=SA_RESTART|SA_SIGINFO
SIGILL: [libjvm.so+0x8aaed0], sa_mask[0]=11111111011111111101111111111110, sa_flags=SA_RESTART|SA_SIGINFO
SIGUSR1: SIG_DFL, sa_mask[0]=00000000000000000000000000000000, sa_flags=none
SIGUSR2: [libjvm.so+0x8aad80], sa_mask[0]=00100000000000000000000000000000, sa_flags=SA_RESTART|SA_SIGINFO
SIGHUP: [libjvm.so+0x8ab250], sa_mask[0]=11111111011111111101111111111110, sa_flags=SA_RESTART|SA_SIGINFO
SIGINT: [libjvm.so+0x8ab250], sa_mask[0]=11111111011111111101111111111110, sa_flags=SA_RESTART|SA_SIGINFO
SIGTERM: [libjvm.so+0x8ab250], sa_mask[0]=11111111011111111101111111111110, sa_flags=SA_RESTART|SA_SIGINFO
SIGQUIT: [libjvm.so+0x8ab250], sa_mask[0]=11111111011111111101111111111110, sa_flags=SA_RESTART|SA_SIGINFO


---------------  S Y S T E M  ---------------

OS:DISTRIB_ID=Ubuntu
DISTRIB_RELEASE=15.10
DISTRIB_CODENAME=wily
DISTRIB_DESCRIPTION="Ubuntu 15.10"

uname:Linux 4.2.0-42-generic #49-Ubuntu SMP Tue Jun 28 21:26:26 UTC 2016 x86_64
libc:glibc 2.21 NPTL 2.21 
rlimit: STACK 8192k, CORE 0k, NPROC 31320, NOFILE 65536, AS infinity
load average:53,12 19,10 8,96

/proc/meminfo:
MemTotal:        8055716 kB
MemFree:          359052 kB
MemAvailable:     328764 kB
Buffers:            1584 kB
Cached:           165552 kB
SwapCached:            0 kB
Active:          7044820 kB
Inactive:         140868 kB
Active(anon):    7029700 kB
Inactive(anon):   105072 kB
Active(file):      15120 kB
Inactive(file):    35796 kB
Unevictable:         112 kB
Mlocked:             112 kB
SwapTotal:             0 kB
SwapFree:              0 kB
Dirty:               420 kB
Writeback:             0 kB
AnonPages:       7018708 kB
Mapped:           304200 kB
Shmem:            115988 kB
Slab:             129932 kB
SReclaimable:      57448 kB
SUnreclaim:        72484 kB
KernelStack:       13632 kB
PageTables:        62156 kB
NFS_Unstable:          0 kB
Bounce:                0 kB
WritebackTmp:          0 kB
CommitLimit:     4027856 kB
Committed_AS:   11845824 kB
VmallocTotal:   34359738367 kB
VmallocUsed:      402236 kB
VmallocChunk:   34358947836 kB
HardwareCorrupted:     0 kB
AnonHugePages:   3526656 kB
CmaTotal:              0 kB
CmaFree:               0 kB
HugePages_Total:       0
HugePages_Free:        0
HugePages_Rsvd:        0
HugePages_Surp:        0
Hugepagesize:       2048 kB
DirectMap4k:      622028 kB
DirectMap2M:     7647232 kB
DirectMap1G:           0 kB


CPU:total 8 (4 cores per cpu, 2 threads per core) family 6 model 60 stepping 3, cmov, cx8, fxsr, mmx, sse, sse2, sse3, ssse3, sse4.1, sse4.2, popcnt, avx, avx2, aes, clmul, erms, lzcnt, ht, tsc, tscinvbit, bmi1, bmi2

/proc/cpuinfo:
processor	: 0
vendor_id	: GenuineIntel
cpu family	: 6
model		: 60
model name	: Intel(R) Core(TM) i7-4700HQ CPU @ 2.40GHz
stepping	: 3
microcode	: 0x17
cpu MHz		: 3199.968
cache size	: 6144 KB
physical id	: 0
siblings	: 8
core id		: 0
cpu cores	: 4
apicid		: 0
initial apicid	: 0
fpu		: yes
fpu_exception	: yes
cpuid level	: 13
wp		: yes
flags		: fpu vme de pse tsc msr pae mce cx8 apic sep mtrr pge mca cmov pat pse36 clflush dts acpi mmx fxsr sse sse2 ss ht tm pbe syscall nx pdpe1gb rdtscp lm constant_tsc arch_perfmon pebs bts rep_good nopl xtopology nonstop_tsc aperfmperf eagerfpu pni pclmulqdq dtes64 monitor ds_cpl vmx est tm2 ssse3 fma cx16 xtpr pdcm pcid sse4_1 sse4_2 x2apic movbe popcnt tsc_deadline_timer aes xsave avx f16c rdrand lahf_lm abm ida arat epb pln pts dtherm tpr_shadow vnmi flexpriority ept vpid fsgsbase tsc_adjust bmi1 avx2 smep bmi2 erms invpcid xsaveopt
bugs		:
bogomips	: 4788.89
clflush size	: 64
cache_alignment	: 64
address sizes	: 39 bits physical, 48 bits virtual
power management:

processor	: 1
vendor_id	: GenuineIntel
cpu family	: 6
model		: 60
model name	: Intel(R) Core(TM) i7-4700HQ CPU @ 2.40GHz
stepping	: 3
microcode	: 0x17
cpu MHz		: 3182.718
cache size	: 6144 KB
physical id	: 0
siblings	: 8
core id		: 1
cpu cores	: 4
apicid		: 2
initial apicid	: 2
fpu		: yes
fpu_exception	: yes
cpuid level	: 13
wp		: yes
flags		: fpu vme de pse tsc msr pae mce cx8 apic sep mtrr pge mca cmov pat pse36 clflush dts acpi mmx fxsr sse sse2 ss ht tm pbe syscall nx pdpe1gb rdtscp lm constant_tsc arch_perfmon pebs bts rep_good nopl xtopology nonstop_tsc aperfmperf eagerfpu pni pclmulqdq dtes64 monitor ds_cpl vmx est tm2 ssse3 fma cx16 xtpr pdcm pcid sse4_1 sse4_2 x2apic movbe popcnt tsc_deadline_timer aes xsave avx f16c rdrand lahf_lm abm ida arat epb pln pts dtherm tpr_shadow vnmi flexpriority ept vpid fsgsbase tsc_adjust bmi1 avx2 smep bmi2 erms invpcid xsaveopt
bugs		:
bogomips	: 4788.89
clflush size	: 64
cache_alignment	: 64
address sizes	: 39 bits physical, 48 bits virtual
power management:

processor	: 2
vendor_id	: GenuineIntel
cpu family	: 6
model		: 60
model name	: Intel(R) Core(TM) i7-4700HQ CPU @ 2.40GHz
stepping	: 3
microcode	: 0x17
cpu MHz		: 2908.968
cache size	: 6144 KB
physical id	: 0
siblings	: 8
core id		: 2
cpu cores	: 4
apicid		: 4
initial apicid	: 4
fpu		: yes
fpu_exception	: yes
cpuid level	: 13
wp		: yes
flags		: fpu vme de pse tsc msr pae mce cx8 apic sep mtrr pge mca cmov pat pse36 clflush dts acpi mmx fxsr sse sse2 ss ht tm pbe syscall nx pdpe1gb rdtscp lm constant_tsc arch_perfmon pebs bts rep_good nopl xtopology nonstop_tsc aperfmperf eagerfpu pni pclmulqdq dtes64 monitor ds_cpl vmx est tm2 ssse3 fma cx16 xtpr pdcm pcid sse4_1 sse4_2 x2apic movbe popcnt tsc_deadline_timer aes xsave avx f16c rdrand lahf_lm abm ida arat epb pln pts dtherm tpr_shadow vnmi flexpriority ept vpid fsgsbase tsc_adjust bmi1 avx2 smep bmi2 erms invpcid xsaveopt
bugs		:
bogomips	: 4788.89
clflush size	: 64
cache_alignment	: 64
address sizes	: 39 bits physical, 48 bits virtual
power management:

processor	: 3
vendor_id	: GenuineIntel
cpu family	: 6
model		: 60
model name	: Intel(R) Core(TM) i7-4700HQ CPU @ 2.40GHz
stepping	: 3
microcode	: 0x17
cpu MHz		: 3199.968
cache size	: 6144 KB
physical id	: 0
siblings	: 8
core id		: 3
cpu cores	: 4
apicid		: 6
initial apicid	: 6
fpu		: yes
fpu_exception	: yes
cpuid level	: 13
wp		: yes
flags		: fpu vme de pse tsc msr pae mce cx8 apic sep mtrr pge mca cmov pat pse36 clflush dts acpi mmx fxsr sse sse2 ss ht tm pbe syscall nx pdpe1gb rdtscp lm constant_tsc arch_perfmon pebs bts rep_good nopl xtopology nonstop_tsc aperfmperf eagerfpu pni pclmulqdq dtes64 monitor ds_cpl vmx est tm2 ssse3 fma cx16 xtpr pdcm pcid sse4_1 sse4_2 x2apic movbe popcnt tsc_deadline_timer aes xsave avx f16c rdrand lahf_lm abm ida arat epb pln pts dtherm tpr_shadow vnmi flexpriority ept vpid fsgsbase tsc_adjust bmi1 avx2 smep bmi2 erms invpcid xsaveopt
bugs		:
bogomips	: 4788.89
clflush size	: 64
cache_alignment	: 64
address sizes	: 39 bits physical, 48 bits virtual
power management:

processor	: 4
vendor_id	: GenuineIntel
cpu family	: 6
model		: 60
model name	: Intel(R) Core(TM) i7-4700HQ CPU @ 2.40GHz
stepping	: 3
microcode	: 0x17
cpu MHz		: 2400.187
cache size	: 6144 KB
physical id	: 0
siblings	: 8
core id		: 0
cpu cores	: 4
apicid		: 1
initial apicid	: 1
fpu		: yes
fpu_exception	: yes
cpuid level	: 13
wp		: yes
flags		: fpu vme de pse tsc msr pae mce cx8 apic sep mtrr pge mca cmov pat pse36 clflush dts acpi mmx fxsr sse sse2 ss ht tm pbe syscall nx pdpe1gb rdtscp lm constant_tsc arch_perfmon pebs bts rep_good nopl xtopology nonstop_tsc aperfmperf eagerfpu pni pclmulqdq dtes64 monitor ds_cpl vmx est tm2 ssse3 fma cx16 xtpr pdcm pcid sse4_1 sse4_2 x2apic movbe popcnt tsc_deadline_timer aes xsave avx f16c rdrand lahf_lm abm ida arat epb pln pts dtherm tpr_shadow vnmi flexpriority ept vpid fsgsbase tsc_adjust bmi1 avx2 smep bmi2 erms invpcid xsaveopt
bugs		:
bogomips	: 4788.89
clflush size	: 64
cache_alignment	: 64
address sizes	: 39 bits physical, 48 bits virtual
power management:

processor	: 5
vendor_id	: GenuineIntel
cpu family	: 6
model		: 60
model name	: Intel(R) Core(TM) i7-4700HQ CPU @ 2.40GHz
stepping	: 3
microcode	: 0x17
cpu MHz		: 3201.281
cache size	: 6144 KB
physical id	: 0
siblings	: 8
core id		: 1
cpu cores	: 4
apicid		: 3
initial apicid	: 3
fpu		: yes
fpu_exception	: yes
cpuid level	: 13
wp		: yes
flags		: fpu vme de pse tsc msr pae mce cx8 apic sep mtrr pge mca cmov pat pse36 clflush dts acpi mmx fxsr sse sse2 ss ht tm pbe syscall nx pdpe1gb rdtscp lm constant_tsc arch_perfmon pebs bts rep_good nopl xtopology nonstop_tsc aperfmperf eagerfpu pni pclmulqdq dtes64 monitor ds_cpl vmx est tm2 ssse3 fma cx16 xtpr pdcm pcid sse4_1 sse4_2 x2apic movbe popcnt tsc_deadline_timer aes xsave avx f16c rdrand lahf_lm abm ida arat epb pln pts dtherm tpr_shadow vnmi flexpriority ept vpid fsgsbase tsc_adjust bmi1 avx2 smep bmi2 erms invpcid xsaveopt
bugs		:
bogomips	: 4788.89
clflush size	: 64
cache_alignment	: 64
address sizes	: 39 bits physical, 48 bits virtual
power management:

processor	: 6
vendor_id	: GenuineIntel
cpu family	: 6
model		: 60
model name	: Intel(R) Core(TM) i7-4700HQ CPU @ 2.40GHz
stepping	: 3
microcode	: 0x17
cpu MHz		: 2578.031
cache size	: 6144 KB
physical id	: 0
siblings	: 8
core id		: 2
cpu cores	: 4
apicid		: 5
initial apicid	: 5
fpu		: yes
fpu_exception	: yes
cpuid level	: 13
wp		: yes
flags		: fpu vme de pse tsc msr pae mce cx8 apic sep mtrr pge mca cmov pat pse36 clflush dts acpi mmx fxsr sse sse2 ss ht tm pbe syscall nx pdpe1gb rdtscp lm constant_tsc arch_perfmon pebs bts rep_good nopl xtopology nonstop_tsc aperfmperf eagerfpu pni pclmulqdq dtes64 monitor ds_cpl vmx est tm2 ssse3 fma cx16 xtpr pdcm pcid sse4_1 sse4_2 x2apic movbe popcnt tsc_deadline_timer aes xsave avx f16c rdrand lahf_lm abm ida arat epb pln pts dtherm tpr_shadow vnmi flexpriority ept vpid fsgsbase tsc_adjust bmi1 avx2 smep bmi2 erms invpcid xsaveopt
bugs		:
bogomips	: 4788.89
clflush size	: 64
cache_alignment	: 64
address sizes	: 39 bits physical, 48 bits virtual
power management:

processor	: 7
vendor_id	: GenuineIntel
cpu family	: 6
model		: 60
model name	: Intel(R) Core(TM) i7-4700HQ CPU @ 2.40GHz
stepping	: 3
microcode	: 0x17
cpu MHz		: 3199.968
cache size	: 6144 KB
physical id	: 0
siblings	: 8
core id		: 3
cpu cores	: 4
apicid		: 7
initial apicid	: 7
fpu		: yes
fpu_exception	: yes
cpuid level	: 13
wp		: yes
flags		: fpu vme de pse tsc msr pae mce cx8 apic sep mtrr pge mca cmov pat pse36 clflush dts acpi mmx fxsr sse sse2 ss ht tm pbe syscall nx pdpe1gb rdtscp lm constant_tsc arch_perfmon pebs bts rep_good nopl xtopology nonstop_tsc aperfmperf eagerfpu pni pclmulqdq dtes64 monitor ds_cpl vmx est tm2 ssse3 fma cx16 xtpr pdcm pcid sse4_1 sse4_2 x2apic movbe popcnt tsc_deadline_timer aes xsave avx f16c rdrand lahf_lm abm ida arat epb pln pts dtherm tpr_shadow vnmi flexpriority ept vpid fsgsbase tsc_adjust bmi1 avx2 smep bmi2 erms invpcid xsaveopt
bugs		:
bogomips	: 4788.89
clflush size	: 64
cache_alignment	: 64
address sizes	: 39 bits physical, 48 bits virtual
power management:



Memory: 4k page, physical 8055716k(358308k free), swap 0k(0k free)

vm_info: OpenJDK 64-Bit Server VM (25.91-b14) for linux-amd64 JRE (1.8.0_91-8u91-b14-3ubuntu1~15.10.1-b14), built on Jul 21 2016 04:12:46 by "buildd" with gcc 5.2.1 20151010

time: Tue Aug 23 20:55:09 2016
elapsed time: 96 seconds (0d 0h 1m 36s)

